11/26/24 16:03:11: Running xcd server. This server was NOT built by gradle, but presumably rdi.
11/26/24 16:03:11: Server was asked to start on port: '53376'
11/26/24 16:03:11: Server is using token UUID: '5a187b59-8e80-40e2-9eac-42e85d2607fa'
11/26/24 16:03:11: SESSION_MGR: creating session with session uuid: '6d04a3e9-ade5-4ab9-8d63-1f78fcd2ec76' and name 'default'
11/26/24 16:03:11: Attempting to start server on port '53376'
11/26/24 16:03:11: Running Dispatch Server
11/26/24 16:03:11: Version 2.2.0
11/26/24 16:03:20: Dispatch Server: Accepted socket connection from client
11/26/24 16:03:20: Starting Socket connection
11/26/24 16:03:20: EXCHANGE_TOKEN received, server token: 5a187b59-8e80-40e2-9eac-42e85d2607fa, passed token: 5a187b59-8e80-40e2-9eac-42e85d2607fa
11/26/24 16:03:20: SESSION_MGR: creating session with session uuid: 'd2cd95f1-18a8-4214-ba61-c0ad2036a778' and name 'vitis_hls'
11/26/24 16:03:20: KERNEL_SVC: creating session with uuid: 'd2cd95f1-18a8-4214-ba61-c0ad2036a778' and name 'vitis_hls'
11/26/24 16:03:20: GUIDANCE_SMGR: creating guidance session with uuid: 'd2cd95f1-18a8-4214-ba61-c0ad2036a778' and name 'vitis_hls'
11/26/24 16:03:35: STOP_SERVER received, server token: 5a187b59-8e80-40e2-9eac-42e85d2607fa, passed token: 5a187b59-8e80-40e2-9eac-42e85d2607fa
11/26/24 16:03:35: Socket received request to stop server.
11/26/24 16:03:35: Dispatch Server: do_await_stop
11/26/24 16:03:35: SERVER: destructor for server bound to port 53376
11/26/24 16:03:35: Server exiting with status 0.
11/26/24 16:03:35: Closing log file.
11/26/24 16:03:42: Running xcd server. This server was NOT built by gradle, but presumably rdi.
11/26/24 16:03:42: Server was asked to start on port: '53378'
11/26/24 16:03:42: Server is using token UUID: 'fd5cbb3f-0771-4052-a177-8ae54d60859f'
11/26/24 16:03:42: SESSION_MGR: creating session with session uuid: '6d04a3e9-ade5-4ab9-8d63-1f78fcd2ec76' and name 'default'
11/26/24 16:03:42: Attempting to start server on port '53378'
11/26/24 16:03:42: Running Dispatch Server
11/26/24 16:03:42: Version 2.2.0
11/26/24 16:03:51: Dispatch Server: Accepted socket connection from client
11/26/24 16:03:51: Starting Socket connection
11/26/24 16:03:51: EXCHANGE_TOKEN received, server token: fd5cbb3f-0771-4052-a177-8ae54d60859f, passed token: fd5cbb3f-0771-4052-a177-8ae54d60859f
11/26/24 16:03:51: SESSION_MGR: creating session with session uuid: '6349ae97-e62e-4cf9-af83-0d8ab083b8fa' and name 'vitis_hls'
11/26/24 16:03:51: KERNEL_SVC: creating session with uuid: '6349ae97-e62e-4cf9-af83-0d8ab083b8fa' and name 'vitis_hls'
11/26/24 16:03:51: GUIDANCE_SMGR: creating guidance session with uuid: '6349ae97-e62e-4cf9-af83-0d8ab083b8fa' and name 'vitis_hls'
11/26/24 16:04:08: STOP_SERVER received, server token: fd5cbb3f-0771-4052-a177-8ae54d60859f, passed token: fd5cbb3f-0771-4052-a177-8ae54d60859f
11/26/24 16:04:08: Socket received request to stop server.
11/26/24 16:04:08: Dispatch Server: do_await_stop
11/26/24 16:04:08: SERVER: destructor for server bound to port 53378
11/26/24 16:04:08: Server exiting with status 0.
11/26/24 16:04:08: Closing log file.
