

================================================================
== Vitis HLS Report for 'mult_hw_Pipeline_VITIS_LOOP_24_3_VITIS_LOOP_25_4'
================================================================
* Date:           Wed Nov 13 12:41:20 2024

* Version:        2022.2 (Build 3670227 on Oct 13 2022)
* Project:        matmul
* Solution:       lab1sol1 (Vivado IP Flow Target)
* Product family: virtexuplus
* Target device:  xcu200-fsgd2104-2-e


================================================================
== Performance Estimates
================================================================
+ Timing: 
    * Summary: 
    +--------+----------+----------+------------+
    |  Clock |  Target  | Estimated| Uncertainty|
    +--------+----------+----------+------------+
    |ap_clk  |  10.00 ns|  7.300 ns|     2.70 ns|
    +--------+----------+----------+------------+

+ Latency: 
    * Summary: 
    +---------+---------+----------+----------+-----+-----+---------+
    |  Latency (cycles) |  Latency (absolute) |  Interval | Pipeline|
    |   min   |   max   |    min   |    max   | min | max |   Type  |
    +---------+---------+----------+----------+-----+-----+---------+
    |       74|       74|  0.740 us|  0.740 us|   74|   74|       no|
    +---------+---------+----------+----------+-----+-----+---------+

    + Detail: 
        * Instance: 
        N/A

        * Loop: 
        +-----------------------------------+---------+---------+----------+-----------+-----------+------+----------+
        |                                   |  Latency (cycles) | Iteration|  Initiation Interval  | Trip |          |
        |             Loop Name             |   min   |   max   |  Latency |  achieved |   target  | Count| Pipelined|
        +-----------------------------------+---------+---------+----------+-----------+-----------+------+----------+
        |- VITIS_LOOP_24_3_VITIS_LOOP_25_4  |       72|       72|        10|          1|          1|    64|       yes|
        +-----------------------------------+---------+---------+----------+-----------+-----------+------+----------+

============================================================
+ Verbose Summary: Synthesis Manager
============================================================
InlineROM: 1
ExposeGlobal: 0
============================================================
+ Verbose Summary: CDFG Model
============================================================
IsTopModel: 0
ResetActiveHigh: 1
IsCombinational: 0
IsDatapathOnly: 0
HasWiredReturn: 1
HasMFsm: 2
HasVarLatency: 1
IsPipeline: 0
IsRtlPipelined: 0
IsInstanceOverlapped: 0
IsDontTouch: 0
HasImplIP: 0
IsGatedGlobalClock: 0

+ Individual pipeline summary: 
  * Pipeline-0: initiation interval (II) = 1, depth = 10


============================================================
+ Verbose Summary: Schedule
============================================================
* Number of FSM states : 10
* Pipeline : 1
  Pipeline-0 : II = 1, D = 10, States = { 1 2 3 4 5 6 7 8 9 10 }
* Dataflow Pipeline: 0

* FSM state transitions: 
1 --> 2 
2 --> 3 
3 --> 4 
4 --> 5 
5 --> 6 
6 --> 7 
7 --> 8 
8 --> 9 
9 --> 10 
10 --> 

* FSM state operations: 

State 1 <SV = 0> <Delay = 2.76>
ST_1 : Operation 13 [1/1] (0.00ns)   --->   "%j = alloca i32 1"   --->   Operation 13 'alloca' 'j' <Predicate = true> <Delay = 0.00>
ST_1 : Operation 14 [1/1] (0.00ns)   --->   "%i_1 = alloca i32 1"   --->   Operation 14 'alloca' 'i_1' <Predicate = true> <Delay = 0.00>
ST_1 : Operation 15 [1/1] (0.00ns)   --->   "%indvar_flatten9 = alloca i32 1"   --->   Operation 15 'alloca' 'indvar_flatten9' <Predicate = true> <Delay = 0.00>
ST_1 : Operation 16 [1/1] (0.00ns)   --->   "%specinterface_ln0 = specinterface void @_ssdm_op_SpecInterface, i32 %gmem, void @empty, i32 0, i32 0, void @empty_0, i32 0, i32 32, void @empty_1, void @empty_2, void @empty_0, i32 16, i32 16, i32 16, i32 16, void @empty_0, void @empty_0, i32 4294967295, i32 0"   --->   Operation 16 'specinterface' 'specinterface_ln0' <Predicate = true> <Delay = 0.00>
ST_1 : Operation 17 [1/1] (0.00ns)   --->   "%trunc_ln1_read = read i2 @_ssdm_op_Read.ap_auto.i2, i2 %trunc_ln1"   --->   Operation 17 'read' 'trunc_ln1_read' <Predicate = true> <Delay = 0.00>
ST_1 : Operation 18 [1/1] (0.00ns)   --->   "%in2_read = read i64 @_ssdm_op_Read.ap_auto.i64, i64 %in2"   --->   Operation 18 'read' 'in2_read' <Predicate = true> <Delay = 0.00>
ST_1 : Operation 19 [1/1] (0.38ns)   --->   "%store_ln0 = store i7 0, i7 %indvar_flatten9"   --->   Operation 19 'store' 'store_ln0' <Predicate = true> <Delay = 0.38>
ST_1 : Operation 20 [1/1] (0.38ns)   --->   "%store_ln0 = store i3 0, i3 %i_1"   --->   Operation 20 'store' 'store_ln0' <Predicate = true> <Delay = 0.38>
ST_1 : Operation 21 [1/1] (0.38ns)   --->   "%store_ln0 = store i5 0, i5 %j"   --->   Operation 21 'store' 'store_ln0' <Predicate = true> <Delay = 0.38>
ST_1 : Operation 22 [1/1] (0.00ns)   --->   "%br_ln0 = br void %for.inc46"   --->   Operation 22 'br' 'br_ln0' <Predicate = true> <Delay = 0.00>
ST_1 : Operation 23 [1/1] (0.00ns)   --->   "%indvar_flatten9_load = load i7 %indvar_flatten9" [matmul.cpp:24]   --->   Operation 23 'load' 'indvar_flatten9_load' <Predicate = true> <Delay = 0.00>
ST_1 : Operation 24 [1/1] (0.00ns)   --->   "%specbitsmap_ln0 = specbitsmap void @_ssdm_op_SpecBitsMap, i32 %gmem"   --->   Operation 24 'specbitsmap' 'specbitsmap_ln0' <Predicate = true> <Delay = 0.00>
ST_1 : Operation 25 [1/1] (0.00ns)   --->   "%specpipeline_ln0 = specpipeline void @_ssdm_op_SpecPipeline, i32 4294967295, i32 0, i32 1, i32 0, void @p_str"   --->   Operation 25 'specpipeline' 'specpipeline_ln0' <Predicate = true> <Delay = 0.00>
ST_1 : Operation 26 [1/1] (0.59ns)   --->   "%icmp_ln24 = icmp_eq  i7 %indvar_flatten9_load, i7 64" [matmul.cpp:24]   --->   Operation 26 'icmp' 'icmp_ln24' <Predicate = true> <Delay = 0.59> <CoreInst = "Cmp">   --->   Core 9 'Cmp' <Latency = 0> <II = 1> <Delay = 0.59> <FuncUnit> <Opcode : 'icmp'> <InPorts = 2> <OutPorts = 1>
ST_1 : Operation 27 [1/1] (0.70ns)   --->   "%add_ln24 = add i7 %indvar_flatten9_load, i7 1" [matmul.cpp:24]   --->   Operation 27 'add' 'add_ln24' <Predicate = true> <Delay = 0.70> <CoreInst = "Adder">   --->   Core 1 'Adder' <Latency = 0> <II = 1> <Delay = 0.70> <FuncUnit> <Opcode : 'add' 'sub'> <InPorts = 2> <OutPorts = 1>
ST_1 : Operation 28 [1/1] (0.00ns)   --->   "%br_ln24 = br i1 %icmp_ln24, void %for.inc49, void %VITIS_LOOP_34_7.preheader.exitStub" [matmul.cpp:24]   --->   Operation 28 'br' 'br_ln24' <Predicate = true> <Delay = 0.00>
ST_1 : Operation 29 [1/1] (0.00ns)   --->   "%j_load = load i5 %j" [matmul.cpp:25]   --->   Operation 29 'load' 'j_load' <Predicate = (!icmp_ln24)> <Delay = 0.00>
ST_1 : Operation 30 [1/1] (0.00ns)   --->   "%i_1_load = load i3 %i_1" [matmul.cpp:24]   --->   Operation 30 'load' 'i_1_load' <Predicate = (!icmp_ln24)> <Delay = 0.00>
ST_1 : Operation 31 [1/1] (0.63ns)   --->   "%icmp_ln25 = icmp_eq  i5 %j_load, i5 16" [matmul.cpp:25]   --->   Operation 31 'icmp' 'icmp_ln25' <Predicate = (!icmp_ln24)> <Delay = 0.63> <CoreInst = "Cmp">   --->   Core 9 'Cmp' <Latency = 0> <II = 1> <Delay = 0.63> <FuncUnit> <Opcode : 'icmp'> <InPorts = 2> <OutPorts = 1>
ST_1 : Operation 32 [1/1] (0.27ns)   --->   "%select_ln24 = select i1 %icmp_ln25, i5 0, i5 %j_load" [matmul.cpp:24]   --->   Operation 32 'select' 'select_ln24' <Predicate = (!icmp_ln24)> <Delay = 0.27> <CoreInst = "Sel">   --->   Core 73 'Sel' <Latency = 0> <II = 1> <Delay = 0.27> <FuncUnit> <Opcode : 'select'> <InPorts = 3> <OutPorts = 1>
ST_1 : Operation 33 [1/1] (0.57ns)   --->   "%add_ln24_1 = add i3 %i_1_load, i3 1" [matmul.cpp:24]   --->   Operation 33 'add' 'add_ln24_1' <Predicate = (!icmp_ln24)> <Delay = 0.57> <CoreInst = "Adder">   --->   Core 1 'Adder' <Latency = 0> <II = 1> <Delay = 0.57> <FuncUnit> <Opcode : 'add' 'sub'> <InPorts = 2> <OutPorts = 1>
ST_1 : Operation 34 [1/1] (0.27ns)   --->   "%select_ln24_1 = select i1 %icmp_ln25, i3 %add_ln24_1, i3 %i_1_load" [matmul.cpp:24]   --->   Operation 34 'select' 'select_ln24_1' <Predicate = (!icmp_ln24)> <Delay = 0.27> <CoreInst = "Sel">   --->   Core 73 'Sel' <Latency = 0> <II = 1> <Delay = 0.27> <FuncUnit> <Opcode : 'select'> <InPorts = 3> <OutPorts = 1>
ST_1 : Operation 35 [1/1] (0.00ns)   --->   "%trunc_ln24 = trunc i3 %select_ln24_1" [matmul.cpp:24]   --->   Operation 35 'trunc' 'trunc_ln24' <Predicate = (!icmp_ln24)> <Delay = 0.00>
ST_1 : Operation 36 [1/1] (0.00ns)   --->   "%p_mid = bitconcatenate i6 @_ssdm_op_BitConcatenate.i6.i2.i4, i2 %trunc_ln24, i4 0" [matmul.cpp:24]   --->   Operation 36 'bitconcatenate' 'p_mid' <Predicate = (!icmp_ln24)> <Delay = 0.00>
ST_1 : Operation 37 [1/1] (0.00ns)   --->   "%j_1_cast = zext i5 %select_ln24" [matmul.cpp:24]   --->   Operation 37 'zext' 'j_1_cast' <Predicate = (!icmp_ln24)> <Delay = 0.00>
ST_1 : Operation 38 [1/1] (0.00ns)   --->   "%trunc_ln26 = trunc i5 %select_ln24" [matmul.cpp:26]   --->   Operation 38 'trunc' 'trunc_ln26' <Predicate = (!icmp_ln24)> <Delay = 0.00>
ST_1 : Operation 39 [1/1] (0.70ns)   --->   "%add_ln26 = add i6 %j_1_cast, i6 %p_mid" [matmul.cpp:26]   --->   Operation 39 'add' 'add_ln26' <Predicate = (!icmp_ln24)> <Delay = 0.70> <CoreInst = "Adder">   --->   Core 1 'Adder' <Latency = 0> <II = 1> <Delay = 0.70> <FuncUnit> <Opcode : 'add' 'sub'> <InPorts = 2> <OutPorts = 1>
ST_1 : Operation 40 [1/1] (0.00ns)   --->   "%zext_ln26 = zext i6 %add_ln26" [matmul.cpp:26]   --->   Operation 40 'zext' 'zext_ln26' <Predicate = (!icmp_ln24)> <Delay = 0.00>
ST_1 : Operation 41 [1/1] (1.14ns)   --->   "%add_ln26_1 = add i64 %zext_ln26, i64 %in2_read" [matmul.cpp:26]   --->   Operation 41 'add' 'add_ln26_1' <Predicate = (!icmp_ln24)> <Delay = 1.14> <CoreInst = "Adder">   --->   Core 1 'Adder' <Latency = 0> <II = 1> <Delay = 1.14> <FuncUnit> <Opcode : 'add' 'sub'> <InPorts = 2> <OutPorts = 1>
ST_1 : Operation 42 [1/1] (0.00ns)   --->   "%trunc_ln26_3 = partselect i62 @_ssdm_op_PartSelect.i62.i64.i32.i32, i64 %add_ln26_1, i32 2, i32 63" [matmul.cpp:26]   --->   Operation 42 'partselect' 'trunc_ln26_3' <Predicate = (!icmp_ln24)> <Delay = 0.00>
ST_1 : Operation 43 [1/1] (0.00ns)   --->   "%sext_ln26 = sext i62 %trunc_ln26_3" [matmul.cpp:26]   --->   Operation 43 'sext' 'sext_ln26' <Predicate = (!icmp_ln24)> <Delay = 0.00>
ST_1 : Operation 44 [1/1] (0.00ns)   --->   "%gmem_addr = getelementptr i32 %gmem, i64 %sext_ln26" [matmul.cpp:26]   --->   Operation 44 'getelementptr' 'gmem_addr' <Predicate = (!icmp_ln24)> <Delay = 0.00>
ST_1 : Operation 45 [1/1] (0.43ns)   --->   "%add_ln26_2 = add i2 %trunc_ln26, i2 %trunc_ln1_read" [matmul.cpp:26]   --->   Operation 45 'add' 'add_ln26_2' <Predicate = (!icmp_ln24)> <Delay = 0.43> <CoreInst = "Adder">   --->   Core 1 'Adder' <Latency = 0> <II = 1> <Delay = 0.43> <FuncUnit> <Opcode : 'add' 'sub'> <InPorts = 2> <OutPorts = 1>
ST_1 : Operation 46 [1/1] (0.70ns)   --->   "%add_ln25 = add i5 %select_ln24, i5 1" [matmul.cpp:25]   --->   Operation 46 'add' 'add_ln25' <Predicate = (!icmp_ln24)> <Delay = 0.70> <CoreInst = "Adder">   --->   Core 1 'Adder' <Latency = 0> <II = 1> <Delay = 0.70> <FuncUnit> <Opcode : 'add' 'sub'> <InPorts = 2> <OutPorts = 1>
ST_1 : Operation 47 [1/1] (0.38ns)   --->   "%store_ln25 = store i7 %add_ln24, i7 %indvar_flatten9" [matmul.cpp:25]   --->   Operation 47 'store' 'store_ln25' <Predicate = (!icmp_ln24)> <Delay = 0.38>
ST_1 : Operation 48 [1/1] (0.38ns)   --->   "%store_ln25 = store i3 %select_ln24_1, i3 %i_1" [matmul.cpp:25]   --->   Operation 48 'store' 'store_ln25' <Predicate = (!icmp_ln24)> <Delay = 0.38>
ST_1 : Operation 49 [1/1] (0.38ns)   --->   "%store_ln25 = store i5 %add_ln25, i5 %j" [matmul.cpp:25]   --->   Operation 49 'store' 'store_ln25' <Predicate = (!icmp_ln24)> <Delay = 0.38>

State 2 <SV = 1> <Delay = 7.30>
ST_2 : Operation 50 [7/7] (7.30ns)   --->   "%gmem_load_1_req = readreq i1 @_ssdm_op_ReadReq.m_axi.i32P1A, i32 %gmem_addr, i32 1" [matmul.cpp:26]   --->   Operation 50 'readreq' 'gmem_load_1_req' <Predicate = true> <Delay = 7.30> <CoreInst = "m_axi">   --->   Core 121 'm_axi' <Latency = 0> <II = 1> <Delay = 1.00> <Adapter> <Opcode : 'read' 'write' 'readreq' 'writereq' 'writeresp'>

State 3 <SV = 2> <Delay = 7.30>
ST_3 : Operation 51 [6/7] (7.30ns)   --->   "%gmem_load_1_req = readreq i1 @_ssdm_op_ReadReq.m_axi.i32P1A, i32 %gmem_addr, i32 1" [matmul.cpp:26]   --->   Operation 51 'readreq' 'gmem_load_1_req' <Predicate = true> <Delay = 7.30> <CoreInst = "m_axi">   --->   Core 121 'm_axi' <Latency = 0> <II = 1> <Delay = 1.00> <Adapter> <Opcode : 'read' 'write' 'readreq' 'writereq' 'writeresp'>

State 4 <SV = 3> <Delay = 7.30>
ST_4 : Operation 52 [5/7] (7.30ns)   --->   "%gmem_load_1_req = readreq i1 @_ssdm_op_ReadReq.m_axi.i32P1A, i32 %gmem_addr, i32 1" [matmul.cpp:26]   --->   Operation 52 'readreq' 'gmem_load_1_req' <Predicate = true> <Delay = 7.30> <CoreInst = "m_axi">   --->   Core 121 'm_axi' <Latency = 0> <II = 1> <Delay = 1.00> <Adapter> <Opcode : 'read' 'write' 'readreq' 'writereq' 'writeresp'>

State 5 <SV = 4> <Delay = 7.30>
ST_5 : Operation 53 [4/7] (7.30ns)   --->   "%gmem_load_1_req = readreq i1 @_ssdm_op_ReadReq.m_axi.i32P1A, i32 %gmem_addr, i32 1" [matmul.cpp:26]   --->   Operation 53 'readreq' 'gmem_load_1_req' <Predicate = true> <Delay = 7.30> <CoreInst = "m_axi">   --->   Core 121 'm_axi' <Latency = 0> <II = 1> <Delay = 1.00> <Adapter> <Opcode : 'read' 'write' 'readreq' 'writereq' 'writeresp'>

State 6 <SV = 5> <Delay = 7.30>
ST_6 : Operation 54 [3/7] (7.30ns)   --->   "%gmem_load_1_req = readreq i1 @_ssdm_op_ReadReq.m_axi.i32P1A, i32 %gmem_addr, i32 1" [matmul.cpp:26]   --->   Operation 54 'readreq' 'gmem_load_1_req' <Predicate = true> <Delay = 7.30> <CoreInst = "m_axi">   --->   Core 121 'm_axi' <Latency = 0> <II = 1> <Delay = 1.00> <Adapter> <Opcode : 'read' 'write' 'readreq' 'writereq' 'writeresp'>

State 7 <SV = 6> <Delay = 7.30>
ST_7 : Operation 55 [2/7] (7.30ns)   --->   "%gmem_load_1_req = readreq i1 @_ssdm_op_ReadReq.m_axi.i32P1A, i32 %gmem_addr, i32 1" [matmul.cpp:26]   --->   Operation 55 'readreq' 'gmem_load_1_req' <Predicate = true> <Delay = 7.30> <CoreInst = "m_axi">   --->   Core 121 'm_axi' <Latency = 0> <II = 1> <Delay = 1.00> <Adapter> <Opcode : 'read' 'write' 'readreq' 'writereq' 'writeresp'>

State 8 <SV = 7> <Delay = 7.30>
ST_8 : Operation 56 [1/7] (7.30ns)   --->   "%gmem_load_1_req = readreq i1 @_ssdm_op_ReadReq.m_axi.i32P1A, i32 %gmem_addr, i32 1" [matmul.cpp:26]   --->   Operation 56 'readreq' 'gmem_load_1_req' <Predicate = true> <Delay = 7.30> <CoreInst = "m_axi">   --->   Core 121 'm_axi' <Latency = 0> <II = 1> <Delay = 1.00> <Adapter> <Opcode : 'read' 'write' 'readreq' 'writereq' 'writeresp'>

State 9 <SV = 8> <Delay = 7.30>
ST_9 : Operation 57 [1/1] (7.30ns)   --->   "%gmem_addr_read = read i32 @_ssdm_op_Read.m_axi.i32P1A, i32 %gmem_addr" [matmul.cpp:26]   --->   Operation 57 'read' 'gmem_addr_read' <Predicate = true> <Delay = 7.30> <CoreInst = "m_axi">   --->   Core 121 'm_axi' <Latency = 0> <II = 1> <Delay = 1.00> <Adapter> <Opcode : 'read' 'write' 'readreq' 'writereq' 'writeresp'>
ST_9 : Operation 69 [1/1] (0.00ns)   --->   "%ret_ln0 = ret"   --->   Operation 69 'ret' 'ret_ln0' <Predicate = (icmp_ln24)> <Delay = 0.00>

State 10 <SV = 9> <Delay = 1.72>
ST_10 : Operation 58 [1/1] (0.00ns)   --->   "%specloopname_ln0 = specloopname void @_ssdm_op_SpecLoopName, void @VITIS_LOOP_24_3_VITIS_LOOP_25_4_str"   --->   Operation 58 'specloopname' 'specloopname_ln0' <Predicate = true> <Delay = 0.00>
ST_10 : Operation 59 [1/1] (0.00ns)   --->   "%empty = speclooptripcount i32 @_ssdm_op_SpecLoopTripCount, i64 64, i64 64, i64 64"   --->   Operation 59 'speclooptripcount' 'empty' <Predicate = true> <Delay = 0.00>
ST_10 : Operation 60 [1/1] (0.00ns)   --->   "%specpipeline_ln0 = specpipeline void @_ssdm_op_SpecPipeline, i32 4294967295, i32 0, i32 1, i32 0, void @p_str"   --->   Operation 60 'specpipeline' 'specpipeline_ln0' <Predicate = true> <Delay = 0.00>
ST_10 : Operation 61 [1/1] (0.00ns)   --->   "%specloopname_ln25 = specloopname void @_ssdm_op_SpecLoopName, void @empty_13" [matmul.cpp:25]   --->   Operation 61 'specloopname' 'specloopname_ln25' <Predicate = true> <Delay = 0.00>
ST_10 : Operation 62 [1/1] (0.00ns)   --->   "%B_V_addr = getelementptr i8 %B_V, i64 0, i64 %zext_ln26" [matmul.cpp:26]   --->   Operation 62 'getelementptr' 'B_V_addr' <Predicate = true> <Delay = 0.00>
ST_10 : Operation 63 [1/1] (0.00ns)   --->   "%shl_ln1 = bitconcatenate i5 @_ssdm_op_BitConcatenate.i5.i2.i3, i2 %add_ln26_2, i3 0" [matmul.cpp:26]   --->   Operation 63 'bitconcatenate' 'shl_ln1' <Predicate = true> <Delay = 0.00>
ST_10 : Operation 64 [1/1] (0.00ns)   --->   "%zext_ln26_1 = zext i5 %shl_ln1" [matmul.cpp:26]   --->   Operation 64 'zext' 'zext_ln26_1' <Predicate = true> <Delay = 0.00>
ST_10 : Operation 65 [1/1] (1.05ns)   --->   "%lshr_ln26 = lshr i32 %gmem_addr_read, i32 %zext_ln26_1" [matmul.cpp:26]   --->   Operation 65 'lshr' 'lshr_ln26' <Predicate = true> <Delay = 1.05> <CoreInst = "Shifter">   --->   Core 75 'Shifter' <Latency = 0> <II = 1> <Delay = 1.05> <FuncUnit> <Opcode : 'shl' 'lshr' 'ashr'> <InPorts = 2> <OutPorts = 1>
ST_10 : Operation 66 [1/1] (0.00ns)   --->   "%trunc_ln26_1 = trunc i32 %lshr_ln26" [matmul.cpp:26]   --->   Operation 66 'trunc' 'trunc_ln26_1' <Predicate = true> <Delay = 0.00>
ST_10 : Operation 67 [1/1] (0.66ns)   --->   "%store_ln26 = store i8 %trunc_ln26_1, i6 %B_V_addr" [matmul.cpp:26]   --->   Operation 67 'store' 'store_ln26' <Predicate = true> <Delay = 0.66> <CoreInst = "RAM_1WnR">   --->   Core 84 'RAM_1WnR' <Latency = 1> <II = 1> <Delay = 0.66> <Storage> <Opcode : 'load' 'store'> <Ports = 17> <Width = 8> <Depth = 64> <RAM>
ST_10 : Operation 68 [1/1] (0.00ns)   --->   "%br_ln25 = br void %for.inc46" [matmul.cpp:25]   --->   Operation 68 'br' 'br_ln25' <Predicate = true> <Delay = 0.00>


============================================================
+ Verbose Summary: Timing violations
============================================================
Target clock period: 10ns, clock uncertainty: 2.7ns.

 <State 1>: 2.77ns
The critical path consists of the following:
	'alloca' operation ('j') [5]  (0 ns)
	'load' operation ('j_load', matmul.cpp:25) on local variable 'j' [23]  (0 ns)
	'icmp' operation ('icmp_ln25', matmul.cpp:25) [27]  (0.637 ns)
	'select' operation ('select_ln24', matmul.cpp:24) [28]  (0.278 ns)
	'add' operation ('add_ln26', matmul.cpp:26) [37]  (0.706 ns)
	'add' operation ('add_ln26_1', matmul.cpp:26) [40]  (1.15 ns)

 <State 2>: 7.3ns
The critical path consists of the following:
	bus request operation ('gmem_load_1_req', matmul.cpp:26) on port 'gmem' (matmul.cpp:26) [44]  (7.3 ns)

 <State 3>: 7.3ns
The critical path consists of the following:
	bus request operation ('gmem_load_1_req', matmul.cpp:26) on port 'gmem' (matmul.cpp:26) [44]  (7.3 ns)

 <State 4>: 7.3ns
The critical path consists of the following:
	bus request operation ('gmem_load_1_req', matmul.cpp:26) on port 'gmem' (matmul.cpp:26) [44]  (7.3 ns)

 <State 5>: 7.3ns
The critical path consists of the following:
	bus request operation ('gmem_load_1_req', matmul.cpp:26) on port 'gmem' (matmul.cpp:26) [44]  (7.3 ns)

 <State 6>: 7.3ns
The critical path consists of the following:
	bus request operation ('gmem_load_1_req', matmul.cpp:26) on port 'gmem' (matmul.cpp:26) [44]  (7.3 ns)

 <State 7>: 7.3ns
The critical path consists of the following:
	bus request operation ('gmem_load_1_req', matmul.cpp:26) on port 'gmem' (matmul.cpp:26) [44]  (7.3 ns)

 <State 8>: 7.3ns
The critical path consists of the following:
	bus request operation ('gmem_load_1_req', matmul.cpp:26) on port 'gmem' (matmul.cpp:26) [44]  (7.3 ns)

 <State 9>: 7.3ns
The critical path consists of the following:
	bus read operation ('gmem_addr_read', matmul.cpp:26) on port 'gmem' (matmul.cpp:26) [45]  (7.3 ns)

 <State 10>: 1.72ns
The critical path consists of the following:
	'lshr' operation ('lshr_ln26', matmul.cpp:26) [49]  (1.05 ns)
	'store' operation ('store_ln26', matmul.cpp:26) of variable 'trunc_ln26_1', matmul.cpp:26 on array 'B_V' [51]  (0.667 ns)


============================================================
+ Verbose Summary: Binding
============================================================
N/A
* FSMD analyzer results:
  - Output states:
 - Input state : 
  - Chain level:
	State 1
	State 2
	State 3
	State 4
	State 5
	State 6
	State 7
	State 8
	State 9
	State 10


============================================================
+ Verbose Summary: Datapath Resource usage 
============================================================
N/A
