

================================================================
== Vitis HLS Report for 'mult_hw_Pipeline_VITIS_LOOP_17_1_VITIS_LOOP_18_2'
================================================================
* Date:           Wed Nov 13 12:41:21 2024

* Version:        2022.2 (Build 3670227 on Oct 13 2022)
* Project:        matmul
* Solution:       lab1sol1 (Vivado IP Flow Target)
* Product family: virtexuplus
* Target device:  xcu200-fsgd2104-2-e


================================================================
== Performance Estimates
================================================================
+ Timing: 
    * Summary: 
    +--------+----------+----------+------------+
    |  Clock |  Target  | Estimated| Uncertainty|
    +--------+----------+----------+------------+
    |ap_clk  |  10.00 ns|  7.300 ns|     2.70 ns|
    +--------+----------+----------+------------+

+ Latency: 
    * Summary: 
    +---------+---------+----------+----------+-----+-----+---------+
    |  Latency (cycles) |  Latency (absolute) |  Interval | Pipeline|
    |   min   |   max   |    min   |    max   | min | max |   Type  |
    +---------+---------+----------+----------+-----+-----+---------+
    |       42|       42|  0.420 us|  0.420 us|   42|   42|       no|
    +---------+---------+----------+----------+-----+-----+---------+

    + Detail: 
        * Instance: 
        N/A

        * Loop: 
        +-----------------------------------+---------+---------+----------+-----------+-----------+------+----------+
        |                                   |  Latency (cycles) | Iteration|  Initiation Interval  | Trip |          |
        |             Loop Name             |   min   |   max   |  Latency |  achieved |   target  | Count| Pipelined|
        +-----------------------------------+---------+---------+----------+-----------+-----------+------+----------+
        |- VITIS_LOOP_17_1_VITIS_LOOP_18_2  |       40|       40|        10|          1|          1|    32|       yes|
        +-----------------------------------+---------+---------+----------+-----------+-----------+------+----------+



================================================================
== Utilization Estimates
================================================================
* Summary: 
+---------------------+---------+------+---------+---------+-----+
|         Name        | BRAM_18K|  DSP |    FF   |   LUT   | URAM|
+---------------------+---------+------+---------+---------+-----+
|DSP                  |        -|     -|        -|        -|    -|
|Expression           |        -|     -|        0|      249|    -|
|FIFO                 |        -|     -|        -|        -|    -|
|Instance             |        -|     -|        -|        -|    -|
|Memory               |        -|     -|        -|        -|    -|
|Multiplexer          |        -|     -|        -|       90|    -|
|Register             |        -|     -|      263|       64|    -|
+---------------------+---------+------+---------+---------+-----+
|Total                |        0|     0|      263|      403|    0|
+---------------------+---------+------+---------+---------+-----+
|Available SLR        |     1440|  2280|   788160|   394080|  320|
+---------------------+---------+------+---------+---------+-----+
|Utilization SLR (%)  |        0|     0|       ~0|       ~0|    0|
+---------------------+---------+------+---------+---------+-----+
|Available            |     4320|  6840|  2364480|  1182240|  960|
+---------------------+---------+------+---------+---------+-----+
|Utilization (%)      |        0|     0|       ~0|       ~0|    0|
+---------------------+---------+------+---------+---------+-----+

+ Detail: 
    * Instance: 
    N/A

    * DSP: 
    N/A

    * Memory: 
    N/A

    * FIFO: 
    N/A

    * Expression: 
    +---------------------------+----------+----+---+----+------------+------------+
    |       Variable Name       | Operation| DSP| FF| LUT| Bitwidth P0| Bitwidth P1|
    +---------------------------+----------+----+---+----+------------+------------+
    |add_ln17_1_fu_181_p2       |         +|   0|  0|  12|           4|           1|
    |add_ln17_fu_155_p2         |         +|   0|  0|  13|           6|           1|
    |add_ln18_fu_257_p2         |         +|   0|  0|  10|           3|           1|
    |add_ln19_1_fu_225_p2       |         +|   0|  0|  71|          64|          64|
    |add_ln19_2_fu_251_p2       |         +|   0|  0|   9|           2|           2|
    |add_ln19_fu_215_p2         |         +|   0|  0|  12|           5|           5|
    |icmp_ln17_fu_149_p2        |      icmp|   0|  0|  10|           6|           7|
    |icmp_ln18_fu_167_p2        |      icmp|   0|  0|   9|           3|           4|
    |lshr_ln19_fu_289_p2        |      lshr|   0|  0|  92|          32|          32|
    |ap_block_pp0_stage0_11001  |        or|   0|  0|   2|           1|           1|
    |select_ln17_1_fu_187_p3    |    select|   0|  0|   4|           1|           4|
    |select_ln17_fu_173_p3      |    select|   0|  0|   3|           1|           1|
    |ap_enable_pp0              |       xor|   0|  0|   2|           1|           2|
    +---------------------------+----------+----+---+----+------------+------------+
    |Total                      |          |   0|  0| 249|         129|         125|
    +---------------------------+----------+----+---+----+------------+------------+

    * Multiplexer: 
    +--------------------------------------+----+-----------+-----+-----------+
    |                 Name                 | LUT| Input Size| Bits| Total Bits|
    +--------------------------------------+----+-----------+-----+-----------+
    |ap_done_int                           |   9|          2|    1|          2|
    |ap_enable_reg_pp0_iter1               |   9|          2|    1|          2|
    |ap_sig_allocacmp_i_load               |   9|          2|    4|          8|
    |ap_sig_allocacmp_indvar_flatten_load  |   9|          2|    6|         12|
    |ap_sig_allocacmp_j_load               |   9|          2|    3|          6|
    |gmem_blk_n_AR                         |   9|          2|    1|          2|
    |gmem_blk_n_R                          |   9|          2|    1|          2|
    |i_fu_86                               |   9|          2|    4|          8|
    |indvar_flatten_fu_90                  |   9|          2|    6|         12|
    |j_fu_82                               |   9|          2|    3|          6|
    +--------------------------------------+----+-----------+-----+-----------+
    |Total                                 |  90|         20|   30|         60|
    +--------------------------------------+----+-----------+-----+-----------+

    * Register: 
    +----------------------------------+----+----+-----+-----------+
    |               Name               | FF | LUT| Bits| Const Bits|
    +----------------------------------+----+----+-----+-----------+
    |add_ln19_2_reg_335                |   2|   0|    2|          0|
    |ap_CS_fsm                         |   1|   0|    1|          0|
    |ap_done_reg                       |   1|   0|    1|          0|
    |ap_enable_reg_pp0_iter1           |   1|   0|    1|          0|
    |ap_enable_reg_pp0_iter2           |   1|   0|    1|          0|
    |ap_enable_reg_pp0_iter3           |   1|   0|    1|          0|
    |ap_enable_reg_pp0_iter4           |   1|   0|    1|          0|
    |ap_enable_reg_pp0_iter5           |   1|   0|    1|          0|
    |ap_enable_reg_pp0_iter6           |   1|   0|    1|          0|
    |ap_enable_reg_pp0_iter7           |   1|   0|    1|          0|
    |ap_enable_reg_pp0_iter8           |   1|   0|    1|          0|
    |ap_enable_reg_pp0_iter9           |   1|   0|    1|          0|
    |ap_loop_exit_ready_pp0_iter1_reg  |   1|   0|    1|          0|
    |ap_loop_exit_ready_pp0_iter2_reg  |   1|   0|    1|          0|
    |ap_loop_exit_ready_pp0_iter3_reg  |   1|   0|    1|          0|
    |ap_loop_exit_ready_pp0_iter4_reg  |   1|   0|    1|          0|
    |ap_loop_exit_ready_pp0_iter5_reg  |   1|   0|    1|          0|
    |ap_loop_exit_ready_pp0_iter6_reg  |   1|   0|    1|          0|
    |ap_loop_exit_ready_pp0_iter7_reg  |   1|   0|    1|          0|
    |ap_loop_exit_ready_pp0_iter8_reg  |   1|   0|    1|          0|
    |gmem_addr_read_reg_340            |  32|   0|   32|          0|
    |gmem_addr_reg_329                 |  64|   0|   64|          0|
    |i_fu_86                           |   4|   0|    4|          0|
    |indvar_flatten_fu_90              |   6|   0|    6|          0|
    |j_fu_82                           |   3|   0|    3|          0|
    |zext_ln19_reg_324                 |   5|   0|   64|         59|
    |add_ln19_2_reg_335                |  64|  32|    2|          0|
    |zext_ln19_reg_324                 |  64|  32|   64|         59|
    +----------------------------------+----+----+-----+-----------+
    |Total                             | 263|  64|  260|        118|
    +----------------------------------+----+----+-----+-----------+



================================================================
== Interface
================================================================
* Summary: 
+---------------------+-----+-----+------------+--------------------------------------------------+--------------+
|      RTL Ports      | Dir | Bits|  Protocol  |                   Source Object                  |    C Type    |
+---------------------+-----+-----+------------+--------------------------------------------------+--------------+
|ap_clk               |   in|    1|  ap_ctrl_hs|  mult_hw_Pipeline_VITIS_LOOP_17_1_VITIS_LOOP_18_2|  return value|
|ap_rst               |   in|    1|  ap_ctrl_hs|  mult_hw_Pipeline_VITIS_LOOP_17_1_VITIS_LOOP_18_2|  return value|
|ap_start             |   in|    1|  ap_ctrl_hs|  mult_hw_Pipeline_VITIS_LOOP_17_1_VITIS_LOOP_18_2|  return value|
|ap_done              |  out|    1|  ap_ctrl_hs|  mult_hw_Pipeline_VITIS_LOOP_17_1_VITIS_LOOP_18_2|  return value|
|ap_idle              |  out|    1|  ap_ctrl_hs|  mult_hw_Pipeline_VITIS_LOOP_17_1_VITIS_LOOP_18_2|  return value|
|ap_ready             |  out|    1|  ap_ctrl_hs|  mult_hw_Pipeline_VITIS_LOOP_17_1_VITIS_LOOP_18_2|  return value|
|m_axi_gmem_AWVALID   |  out|    1|       m_axi|                                              gmem|       pointer|
|m_axi_gmem_AWREADY   |   in|    1|       m_axi|                                              gmem|       pointer|
|m_axi_gmem_AWADDR    |  out|   64|       m_axi|                                              gmem|       pointer|
|m_axi_gmem_AWID      |  out|    1|       m_axi|                                              gmem|       pointer|
|m_axi_gmem_AWLEN     |  out|   32|       m_axi|                                              gmem|       pointer|
|m_axi_gmem_AWSIZE    |  out|    3|       m_axi|                                              gmem|       pointer|
|m_axi_gmem_AWBURST   |  out|    2|       m_axi|                                              gmem|       pointer|
|m_axi_gmem_AWLOCK    |  out|    2|       m_axi|                                              gmem|       pointer|
|m_axi_gmem_AWCACHE   |  out|    4|       m_axi|                                              gmem|       pointer|
|m_axi_gmem_AWPROT    |  out|    3|       m_axi|                                              gmem|       pointer|
|m_axi_gmem_AWQOS     |  out|    4|       m_axi|                                              gmem|       pointer|
|m_axi_gmem_AWREGION  |  out|    4|       m_axi|                                              gmem|       pointer|
|m_axi_gmem_AWUSER    |  out|    1|       m_axi|                                              gmem|       pointer|
|m_axi_gmem_WVALID    |  out|    1|       m_axi|                                              gmem|       pointer|
|m_axi_gmem_WREADY    |   in|    1|       m_axi|                                              gmem|       pointer|
|m_axi_gmem_WDATA     |  out|   32|       m_axi|                                              gmem|       pointer|
|m_axi_gmem_WSTRB     |  out|    4|       m_axi|                                              gmem|       pointer|
|m_axi_gmem_WLAST     |  out|    1|       m_axi|                                              gmem|       pointer|
|m_axi_gmem_WID       |  out|    1|       m_axi|                                              gmem|       pointer|
|m_axi_gmem_WUSER     |  out|    1|       m_axi|                                              gmem|       pointer|
|m_axi_gmem_ARVALID   |  out|    1|       m_axi|                                              gmem|       pointer|
|m_axi_gmem_ARREADY   |   in|    1|       m_axi|                                              gmem|       pointer|
|m_axi_gmem_ARADDR    |  out|   64|       m_axi|                                              gmem|       pointer|
|m_axi_gmem_ARID      |  out|    1|       m_axi|                                              gmem|       pointer|
|m_axi_gmem_ARLEN     |  out|   32|       m_axi|                                              gmem|       pointer|
|m_axi_gmem_ARSIZE    |  out|    3|       m_axi|                                              gmem|       pointer|
|m_axi_gmem_ARBURST   |  out|    2|       m_axi|                                              gmem|       pointer|
|m_axi_gmem_ARLOCK    |  out|    2|       m_axi|                                              gmem|       pointer|
|m_axi_gmem_ARCACHE   |  out|    4|       m_axi|                                              gmem|       pointer|
|m_axi_gmem_ARPROT    |  out|    3|       m_axi|                                              gmem|       pointer|
|m_axi_gmem_ARQOS     |  out|    4|       m_axi|                                              gmem|       pointer|
|m_axi_gmem_ARREGION  |  out|    4|       m_axi|                                              gmem|       pointer|
|m_axi_gmem_ARUSER    |  out|    1|       m_axi|                                              gmem|       pointer|
|m_axi_gmem_RVALID    |   in|    1|       m_axi|                                              gmem|       pointer|
|m_axi_gmem_RREADY    |  out|    1|       m_axi|                                              gmem|       pointer|
|m_axi_gmem_RDATA     |   in|   32|       m_axi|                                              gmem|       pointer|
|m_axi_gmem_RLAST     |   in|    1|       m_axi|                                              gmem|       pointer|
|m_axi_gmem_RID       |   in|    1|       m_axi|                                              gmem|       pointer|
|m_axi_gmem_RFIFONUM  |   in|    9|       m_axi|                                              gmem|       pointer|
|m_axi_gmem_RUSER     |   in|    1|       m_axi|                                              gmem|       pointer|
|m_axi_gmem_RRESP     |   in|    2|       m_axi|                                              gmem|       pointer|
|m_axi_gmem_BVALID    |   in|    1|       m_axi|                                              gmem|       pointer|
|m_axi_gmem_BREADY    |  out|    1|       m_axi|                                              gmem|       pointer|
|m_axi_gmem_BRESP     |   in|    2|       m_axi|                                              gmem|       pointer|
|m_axi_gmem_BID       |   in|    1|       m_axi|                                              gmem|       pointer|
|m_axi_gmem_BUSER     |   in|    1|       m_axi|                                              gmem|       pointer|
|A_V_address0         |  out|    5|   ap_memory|                                               A_V|         array|
|A_V_ce0              |  out|    1|   ap_memory|                                               A_V|         array|
|A_V_we0              |  out|    1|   ap_memory|                                               A_V|         array|
|A_V_d0               |  out|    8|   ap_memory|                                               A_V|         array|
|in1                  |   in|   64|     ap_none|                                               in1|        scalar|
|trunc_ln             |   in|    2|     ap_none|                                          trunc_ln|        scalar|
+---------------------+-----+-----+------------+--------------------------------------------------+--------------+

