

================================================================
== Vitis HLS Report for 'mult_hw_Pipeline_mult_outer_mult_middle'
================================================================
* Date:           Tue Nov 26 16:03:31 2024

* Version:        2022.2 (Build 3670227 on Oct 13 2022)
* Project:        matmul
* Solution:       sol1 (Vivado IP Flow Target)
* Product family: virtexuplus
* Target device:  xcu200-fsgd2104-2-e


================================================================
== Performance Estimates
================================================================
+ Timing: 
    * Summary: 
    +--------+----------+----------+------------+
    |  Clock |  Target  | Estimated| Uncertainty|
    +--------+----------+----------+------------+
    |ap_clk  |  10.00 ns|  6.304 ns|     2.70 ns|
    +--------+----------+----------+------------+

+ Latency: 
    * Summary: 
    +---------+---------+-----------+-----------+------+------+---------+
    |  Latency (cycles) |   Latency (absolute)  |   Interval  | Pipeline|
    |   min   |   max   |    min    |    max    |  min |  max |   Type  |
    +---------+---------+-----------+-----------+------+------+---------+
    |     4101|     4101|  41.010 us|  41.010 us|  4101|  4101|       no|
    +---------+---------+-----------+-----------+------+------+---------+

    + Detail: 
        * Instance: 
        N/A

        * Loop: 
        +--------------------------+---------+---------+----------+-----------+-----------+------+----------+
        |                          |  Latency (cycles) | Iteration|  Initiation Interval  | Trip |          |
        |         Loop Name        |   min   |   max   |  Latency |  achieved |   target  | Count| Pipelined|
        +--------------------------+---------+---------+----------+-----------+-----------+------+----------+
        |- mult_outer_mult_middle  |     4099|     4099|         5|          1|          1|  4096|       yes|
        +--------------------------+---------+---------+----------+-----------+-----------+------+----------+



================================================================
== Utilization Estimates
================================================================
* Summary: 
+---------------------+---------+------+---------+---------+-----+
|         Name        | BRAM_18K|  DSP |    FF   |   LUT   | URAM|
+---------------------+---------+------+---------+---------+-----+
|DSP                  |        -|    32|        -|        -|    -|
|Expression           |        -|     -|        0|     1101|    -|
|FIFO                 |        -|     -|        -|        -|    -|
|Instance             |        -|     0|        0|     1800|    -|
|Memory               |        -|     -|        -|        -|    -|
|Multiplexer          |        -|     -|        -|       72|    -|
|Register             |        -|     -|     1150|       32|    -|
+---------------------+---------+------+---------+---------+-----+
|Total                |        0|    32|     1150|     3005|    0|
+---------------------+---------+------+---------+---------+-----+
|Available SLR        |     1440|  2280|   788160|   394080|  320|
+---------------------+---------+------+---------+---------+-----+
|Utilization SLR (%)  |        0|     1|       ~0|       ~0|    0|
+---------------------+---------+------+---------+---------+-----+
|Available            |     4320|  6840|  2364480|  1182240|  960|
+---------------------+---------+------+---------+---------+-----+
|Utilization (%)      |        0|    ~0|       ~0|       ~0|    0|
+---------------------+---------+------+---------+---------+-----+

+ Detail: 
    * Instance: 
    +------------------------+--------------------+---------+----+---+----+-----+
    |        Instance        |       Module       | BRAM_18K| DSP| FF| LUT| URAM|
    +------------------------+--------------------+---------+----+---+----+-----+
    |mul_8ns_8ns_16_1_1_U38  |mul_8ns_8ns_16_1_1  |        0|   0|  0|  40|    0|
    |mul_8ns_8ns_16_1_1_U39  |mul_8ns_8ns_16_1_1  |        0|   0|  0|  40|    0|
    |mul_8ns_8ns_16_1_1_U42  |mul_8ns_8ns_16_1_1  |        0|   0|  0|  40|    0|
    |mul_8ns_8ns_16_1_1_U43  |mul_8ns_8ns_16_1_1  |        0|   0|  0|  40|    0|
    |mul_8ns_8ns_16_1_1_U45  |mul_8ns_8ns_16_1_1  |        0|   0|  0|  40|    0|
    |mul_8ns_8ns_16_1_1_U46  |mul_8ns_8ns_16_1_1  |        0|   0|  0|  40|    0|
    |mul_8ns_8ns_16_1_1_U49  |mul_8ns_8ns_16_1_1  |        0|   0|  0|  40|    0|
    |mul_8ns_8ns_16_1_1_U51  |mul_8ns_8ns_16_1_1  |        0|   0|  0|  40|    0|
    |mul_8ns_8ns_16_1_1_U53  |mul_8ns_8ns_16_1_1  |        0|   0|  0|  40|    0|
    |mul_8ns_8ns_16_1_1_U54  |mul_8ns_8ns_16_1_1  |        0|   0|  0|  40|    0|
    |mul_8ns_8ns_16_1_1_U56  |mul_8ns_8ns_16_1_1  |        0|   0|  0|  40|    0|
    |mul_8ns_8ns_16_1_1_U57  |mul_8ns_8ns_16_1_1  |        0|   0|  0|  40|    0|
    |mul_8ns_8ns_16_1_1_U58  |mul_8ns_8ns_16_1_1  |        0|   0|  0|  40|    0|
    |mul_8ns_8ns_16_1_1_U59  |mul_8ns_8ns_16_1_1  |        0|   0|  0|  40|    0|
    |mul_8ns_8ns_16_1_1_U60  |mul_8ns_8ns_16_1_1  |        0|   0|  0|  40|    0|
    |mul_8ns_8ns_16_1_1_U61  |mul_8ns_8ns_16_1_1  |        0|   0|  0|  40|    0|
    |mul_8ns_8ns_16_1_1_U62  |mul_8ns_8ns_16_1_1  |        0|   0|  0|  40|    0|
    |mul_8ns_8ns_16_1_1_U63  |mul_8ns_8ns_16_1_1  |        0|   0|  0|  40|    0|
    |mul_8ns_8ns_16_1_1_U64  |mul_8ns_8ns_16_1_1  |        0|   0|  0|  40|    0|
    |mul_8ns_8ns_16_1_1_U65  |mul_8ns_8ns_16_1_1  |        0|   0|  0|  40|    0|
    |mul_8ns_8ns_16_1_1_U66  |mul_8ns_8ns_16_1_1  |        0|   0|  0|  40|    0|
    |mul_8ns_8ns_16_1_1_U67  |mul_8ns_8ns_16_1_1  |        0|   0|  0|  40|    0|
    |mul_8ns_8ns_16_1_1_U68  |mul_8ns_8ns_16_1_1  |        0|   0|  0|  40|    0|
    |mul_8ns_8ns_16_1_1_U69  |mul_8ns_8ns_16_1_1  |        0|   0|  0|  40|    0|
    |mul_8ns_8ns_16_1_1_U70  |mul_8ns_8ns_16_1_1  |        0|   0|  0|  40|    0|
    |mul_8ns_8ns_16_1_1_U71  |mul_8ns_8ns_16_1_1  |        0|   0|  0|  40|    0|
    |mul_8ns_8ns_16_1_1_U72  |mul_8ns_8ns_16_1_1  |        0|   0|  0|  40|    0|
    |mul_8ns_8ns_16_1_1_U73  |mul_8ns_8ns_16_1_1  |        0|   0|  0|  40|    0|
    |mul_8ns_8ns_16_1_1_U74  |mul_8ns_8ns_16_1_1  |        0|   0|  0|  40|    0|
    |mul_8ns_8ns_16_1_1_U75  |mul_8ns_8ns_16_1_1  |        0|   0|  0|  40|    0|
    |mul_8ns_8ns_16_1_1_U76  |mul_8ns_8ns_16_1_1  |        0|   0|  0|  40|    0|
    |mul_8ns_8ns_16_1_1_U77  |mul_8ns_8ns_16_1_1  |        0|   0|  0|  40|    0|
    |mux_164_8_1_1_U40       |mux_164_8_1_1       |        0|   0|  0|  65|    0|
    |mux_164_8_1_1_U41       |mux_164_8_1_1       |        0|   0|  0|  65|    0|
    |mux_164_8_1_1_U44       |mux_164_8_1_1       |        0|   0|  0|  65|    0|
    |mux_164_8_1_1_U47       |mux_164_8_1_1       |        0|   0|  0|  65|    0|
    |mux_164_8_1_1_U48       |mux_164_8_1_1       |        0|   0|  0|  65|    0|
    |mux_164_8_1_1_U50       |mux_164_8_1_1       |        0|   0|  0|  65|    0|
    |mux_164_8_1_1_U52       |mux_164_8_1_1       |        0|   0|  0|  65|    0|
    |mux_164_8_1_1_U55       |mux_164_8_1_1       |        0|   0|  0|  65|    0|
    +------------------------+--------------------+---------+----+---+----+-----+
    |Total                   |                    |        0|   0|  0|1800|    0|
    +------------------------+--------------------+---------+----+---+----+-----+

    * DSP: 
    +-------------------------------------+--------------------------------+--------------+
    |               Instance              |             Module             |  Expression  |
    +-------------------------------------+--------------------------------+--------------+
    |mac_muladd_8ns_8ns_16ns_17_4_1_U78   |mac_muladd_8ns_8ns_16ns_17_4_1  |  i0 + i1 * i2|
    |mac_muladd_8ns_8ns_16ns_17_4_1_U79   |mac_muladd_8ns_8ns_16ns_17_4_1  |  i0 + i1 * i2|
    |mac_muladd_8ns_8ns_16ns_17_4_1_U80   |mac_muladd_8ns_8ns_16ns_17_4_1  |  i0 + i1 * i2|
    |mac_muladd_8ns_8ns_16ns_17_4_1_U81   |mac_muladd_8ns_8ns_16ns_17_4_1  |  i0 + i1 * i2|
    |mac_muladd_8ns_8ns_16ns_17_4_1_U82   |mac_muladd_8ns_8ns_16ns_17_4_1  |  i0 + i1 * i2|
    |mac_muladd_8ns_8ns_16ns_17_4_1_U83   |mac_muladd_8ns_8ns_16ns_17_4_1  |  i0 + i1 * i2|
    |mac_muladd_8ns_8ns_16ns_17_4_1_U84   |mac_muladd_8ns_8ns_16ns_17_4_1  |  i0 + i1 * i2|
    |mac_muladd_8ns_8ns_16ns_17_4_1_U85   |mac_muladd_8ns_8ns_16ns_17_4_1  |  i0 + i1 * i2|
    |mac_muladd_8ns_8ns_16ns_17_4_1_U86   |mac_muladd_8ns_8ns_16ns_17_4_1  |  i0 + i1 * i2|
    |mac_muladd_8ns_8ns_16ns_17_4_1_U87   |mac_muladd_8ns_8ns_16ns_17_4_1  |  i0 + i1 * i2|
    |mac_muladd_8ns_8ns_16ns_17_4_1_U88   |mac_muladd_8ns_8ns_16ns_17_4_1  |  i0 + i1 * i2|
    |mac_muladd_8ns_8ns_16ns_17_4_1_U89   |mac_muladd_8ns_8ns_16ns_17_4_1  |  i0 + i1 * i2|
    |mac_muladd_8ns_8ns_16ns_17_4_1_U90   |mac_muladd_8ns_8ns_16ns_17_4_1  |  i0 + i1 * i2|
    |mac_muladd_8ns_8ns_16ns_17_4_1_U91   |mac_muladd_8ns_8ns_16ns_17_4_1  |  i0 + i1 * i2|
    |mac_muladd_8ns_8ns_16ns_17_4_1_U92   |mac_muladd_8ns_8ns_16ns_17_4_1  |  i0 + i1 * i2|
    |mac_muladd_8ns_8ns_16ns_17_4_1_U93   |mac_muladd_8ns_8ns_16ns_17_4_1  |  i0 + i1 * i2|
    |mac_muladd_8ns_8ns_16ns_17_4_1_U94   |mac_muladd_8ns_8ns_16ns_17_4_1  |  i0 + i1 * i2|
    |mac_muladd_8ns_8ns_16ns_17_4_1_U95   |mac_muladd_8ns_8ns_16ns_17_4_1  |  i0 + i1 * i2|
    |mac_muladd_8ns_8ns_16ns_17_4_1_U96   |mac_muladd_8ns_8ns_16ns_17_4_1  |  i0 + i1 * i2|
    |mac_muladd_8ns_8ns_16ns_17_4_1_U97   |mac_muladd_8ns_8ns_16ns_17_4_1  |  i0 + i1 * i2|
    |mac_muladd_8ns_8ns_16ns_17_4_1_U98   |mac_muladd_8ns_8ns_16ns_17_4_1  |  i0 + i1 * i2|
    |mac_muladd_8ns_8ns_16ns_17_4_1_U99   |mac_muladd_8ns_8ns_16ns_17_4_1  |  i0 + i1 * i2|
    |mac_muladd_8ns_8ns_16ns_17_4_1_U100  |mac_muladd_8ns_8ns_16ns_17_4_1  |  i0 + i1 * i2|
    |mac_muladd_8ns_8ns_16ns_17_4_1_U101  |mac_muladd_8ns_8ns_16ns_17_4_1  |  i0 + i1 * i2|
    |mac_muladd_8ns_8ns_16ns_17_4_1_U102  |mac_muladd_8ns_8ns_16ns_17_4_1  |  i0 + i1 * i2|
    |mac_muladd_8ns_8ns_16ns_17_4_1_U103  |mac_muladd_8ns_8ns_16ns_17_4_1  |  i0 + i1 * i2|
    |mac_muladd_8ns_8ns_16ns_17_4_1_U104  |mac_muladd_8ns_8ns_16ns_17_4_1  |  i0 + i1 * i2|
    |mac_muladd_8ns_8ns_16ns_17_4_1_U105  |mac_muladd_8ns_8ns_16ns_17_4_1  |  i0 + i1 * i2|
    |mac_muladd_8ns_8ns_16ns_17_4_1_U106  |mac_muladd_8ns_8ns_16ns_17_4_1  |  i0 + i1 * i2|
    |mac_muladd_8ns_8ns_16ns_17_4_1_U107  |mac_muladd_8ns_8ns_16ns_17_4_1  |  i0 + i1 * i2|
    |mac_muladd_8ns_8ns_16ns_17_4_1_U108  |mac_muladd_8ns_8ns_16ns_17_4_1  |  i0 + i1 * i2|
    |mac_muladd_8ns_8ns_16ns_17_4_1_U109  |mac_muladd_8ns_8ns_16ns_17_4_1  |  i0 + i1 * i2|
    +-------------------------------------+--------------------------------+--------------+

    * Memory: 
    N/A

    * FIFO: 
    N/A

    * Expression: 
    +--------------------------+----------+----+---+----+------------+------------+
    |       Variable Name      | Operation| DSP| FF| LUT| Bitwidth P0| Bitwidth P1|
    +--------------------------+----------+----+---+----+------------+------------+
    |C_V_d0                    |         +|   0|  0|  29|          22|          22|
    |add_ln186_fu_2243_p2      |         +|   0|  0|  15|           8|           7|
    |add_ln44_1_fu_2005_p2     |         +|   0|  0|  14|           7|           1|
    |add_ln44_fu_1982_p2       |         +|   0|  0|  20|          13|           1|
    |add_ln47_fu_2299_p2       |         +|   0|  0|  14|           7|           1|
    |add_ln52_1_fu_2654_p2     |         +|   0|  0|  19|          12|          12|
    |add_ln52_2_fu_2736_p2     |         +|   0|  0|  19|          12|          12|
    |add_ln52_3_fu_2818_p2     |         +|   0|  0|  19|          12|          12|
    |add_ln52_4_fu_2880_p2     |         +|   0|  0|  18|          11|          11|
    |add_ln52_5_fu_2956_p2     |         +|   0|  0|  18|          11|          11|
    |add_ln52_6_fu_3032_p2     |         +|   0|  0|  17|          10|          10|
    |add_ln52_fu_2592_p2       |         +|   0|  0|  19|          12|          12|
    |add_ln54_fu_3167_p2       |         +|   0|  0|  19|          12|          12|
    |add_ln840_12_fu_3619_p2   |         +|   0|  0|  25|          18|          18|
    |add_ln840_13_fu_3629_p2   |         +|   0|  0|  26|          19|          19|
    |add_ln840_14_fu_3639_p2   |         +|   0|  0|  27|          20|          20|
    |add_ln840_17_fu_3655_p2   |         +|   0|  0|  25|          18|          18|
    |add_ln840_20_fu_3671_p2   |         +|   0|  0|  25|          18|          18|
    |add_ln840_21_fu_3681_p2   |         +|   0|  0|  26|          19|          19|
    |add_ln840_24_fu_3697_p2   |         +|   0|  0|  25|          18|          18|
    |add_ln840_27_fu_3713_p2   |         +|   0|  0|  25|          18|          18|
    |add_ln840_28_fu_3723_p2   |         +|   0|  0|  26|          19|          19|
    |add_ln840_29_fu_3733_p2   |         +|   0|  0|  27|          20|          20|
    |add_ln840_2_fu_3561_p2    |         +|   0|  0|  25|          18|          18|
    |add_ln840_30_fu_3743_p2   |         +|   0|  0|  28|          21|          21|
    |add_ln840_33_fu_3759_p2   |         +|   0|  0|  25|          18|          18|
    |add_ln840_36_fu_3775_p2   |         +|   0|  0|  25|          18|          18|
    |add_ln840_37_fu_3785_p2   |         +|   0|  0|  26|          19|          19|
    |add_ln840_40_fu_3801_p2   |         +|   0|  0|  25|          18|          18|
    |add_ln840_43_fu_3817_p2   |         +|   0|  0|  25|          18|          18|
    |add_ln840_44_fu_3827_p2   |         +|   0|  0|  26|          19|          19|
    |add_ln840_45_fu_3837_p2   |         +|   0|  0|  27|          20|          20|
    |add_ln840_48_fu_3853_p2   |         +|   0|  0|  25|          18|          18|
    |add_ln840_51_fu_3869_p2   |         +|   0|  0|  25|          18|          18|
    |add_ln840_52_fu_3879_p2   |         +|   0|  0|  26|          19|          19|
    |add_ln840_55_fu_3895_p2   |         +|   0|  0|  25|          18|          18|
    |add_ln840_58_fu_3911_p2   |         +|   0|  0|  25|          18|          18|
    |add_ln840_59_fu_3921_p2   |         +|   0|  0|  26|          19|          19|
    |add_ln840_5_fu_3577_p2    |         +|   0|  0|  25|          18|          18|
    |add_ln840_60_fu_3931_p2   |         +|   0|  0|  27|          20|          20|
    |add_ln840_61_fu_3941_p2   |         +|   0|  0|  28|          21|          21|
    |add_ln840_6_fu_3587_p2    |         +|   0|  0|  26|          19|          19|
    |add_ln840_9_fu_3603_p2    |         +|   0|  0|  25|          18|          18|
    |icmp_ln44_fu_1976_p2      |      icmp|   0|  0|  12|          13|          14|
    |icmp_ln47_fu_1991_p2      |      icmp|   0|  0|  11|           7|           8|
    |or_ln44_1_fu_2089_p2      |        or|   0|  0|   8|           8|           2|
    |or_ln44_2_fu_2115_p2      |        or|   0|  0|   8|           8|           2|
    |or_ln44_fu_2063_p2        |        or|   0|  0|   8|           8|           1|
    |select_ln44_1_fu_2011_p3  |    select|   0|  0|   7|           1|           7|
    |select_ln44_2_fu_2035_p3  |    select|   0|  0|   8|           1|           8|
    |select_ln44_fu_1997_p3    |    select|   0|  0|   7|           1|           1|
    |tmp_1_5_fu_3125_p17       |    select|   0|  0|   2|           1|           2|
    |ap_enable_pp0             |       xor|   0|  0|   2|           1|           2|
    |xor_ln186_fu_2261_p2      |       xor|   0|  0|   8|           7|           8|
    |xor_ln52_fu_2161_p2       |       xor|   0|  0|   8|           7|           8|
    +--------------------------+----------+----+---+----+------------+------------+
    |Total                     |          |   0|  0|1101|         774|         749|
    +--------------------------+----------+----+---+----+------------+------------+

    * Multiplexer: 
    +--------------------------------------+----+-----------+-----+-----------+
    |                 Name                 | LUT| Input Size| Bits| Total Bits|
    +--------------------------------------+----+-----------+-----+-----------+
    |ap_done_int                           |   9|          2|    1|          2|
    |ap_enable_reg_pp0_iter1               |   9|          2|    1|          2|
    |ap_sig_allocacmp_i_3                  |   9|          2|    7|         14|
    |ap_sig_allocacmp_indvar_flatten_load  |   9|          2|   13|         26|
    |ap_sig_allocacmp_j_load               |   9|          2|    7|         14|
    |i_fu_162                              |   9|          2|    7|         14|
    |indvar_flatten_fu_166                 |   9|          2|   13|         26|
    |j_fu_158                              |   9|          2|    7|         14|
    +--------------------------------------+----+-----------+-----+-----------+
    |Total                                 |  72|         16|   56|        112|
    +--------------------------------------+----+-----------+-----+-----------+

    * Register: 
    +--------------------------------------+----+----+-----+-----------+
    |                 Name                 | FF | LUT| Bits| Const Bits|
    +--------------------------------------+----+----+-----+-----------+
    |A_V_10_load_1_reg_5142                |   8|   0|    8|          0|
    |A_V_10_load_1_reg_5142_pp0_iter2_reg  |   8|   0|    8|          0|
    |A_V_10_load_reg_5062                  |   8|   0|    8|          0|
    |A_V_10_load_reg_5062_pp0_iter2_reg    |   8|   0|    8|          0|
    |A_V_12_load_1_reg_5152                |   8|   0|    8|          0|
    |A_V_12_load_1_reg_5152_pp0_iter2_reg  |   8|   0|    8|          0|
    |A_V_12_load_reg_5072                  |   8|   0|    8|          0|
    |A_V_12_load_reg_5072_pp0_iter2_reg    |   8|   0|    8|          0|
    |A_V_14_load_reg_5082                  |   8|   0|    8|          0|
    |A_V_14_load_reg_5082_pp0_iter2_reg    |   8|   0|    8|          0|
    |A_V_1_load_reg_5017                   |   8|   0|    8|          0|
    |A_V_1_load_reg_5017_pp0_iter2_reg     |   8|   0|    8|          0|
    |A_V_2_load_1_reg_5102                 |   8|   0|    8|          0|
    |A_V_2_load_1_reg_5102_pp0_iter2_reg   |   8|   0|    8|          0|
    |A_V_2_load_2_reg_5172                 |   8|   0|    8|          0|
    |A_V_2_load_2_reg_5172_pp0_iter2_reg   |   8|   0|    8|          0|
    |A_V_2_load_3_reg_5232                 |   8|   0|    8|          0|
    |A_V_2_load_3_reg_5232_pp0_iter2_reg   |   8|   0|    8|          0|
    |A_V_2_load_reg_5022                   |   8|   0|    8|          0|
    |A_V_2_load_reg_5022_pp0_iter2_reg     |   8|   0|    8|          0|
    |A_V_4_load_1_reg_5112                 |   8|   0|    8|          0|
    |A_V_4_load_1_reg_5112_pp0_iter2_reg   |   8|   0|    8|          0|
    |A_V_4_load_2_reg_5182                 |   8|   0|    8|          0|
    |A_V_4_load_2_reg_5182_pp0_iter2_reg   |   8|   0|    8|          0|
    |A_V_4_load_3_reg_5242                 |   8|   0|    8|          0|
    |A_V_4_load_3_reg_5242_pp0_iter2_reg   |   8|   0|    8|          0|
    |A_V_4_load_reg_5032                   |   8|   0|    8|          0|
    |A_V_4_load_reg_5032_pp0_iter2_reg     |   8|   0|    8|          0|
    |A_V_6_load_1_reg_5122                 |   8|   0|    8|          0|
    |A_V_6_load_1_reg_5122_pp0_iter2_reg   |   8|   0|    8|          0|
    |A_V_6_load_2_reg_5192                 |   8|   0|    8|          0|
    |A_V_6_load_2_reg_5192_pp0_iter2_reg   |   8|   0|    8|          0|
    |A_V_6_load_reg_5042                   |   8|   0|    8|          0|
    |A_V_6_load_reg_5042_pp0_iter2_reg     |   8|   0|    8|          0|
    |A_V_8_load_1_reg_5132                 |   8|   0|    8|          0|
    |A_V_8_load_1_reg_5132_pp0_iter2_reg   |   8|   0|    8|          0|
    |A_V_8_load_3_reg_5257                 |   8|   0|    8|          0|
    |A_V_8_load_3_reg_5257_pp0_iter2_reg   |   8|   0|    8|          0|
    |A_V_8_load_reg_5052                   |   8|   0|    8|          0|
    |A_V_8_load_reg_5052_pp0_iter2_reg     |   8|   0|    8|          0|
    |A_V_load_1_reg_5092                   |   8|   0|    8|          0|
    |A_V_load_1_reg_5092_pp0_iter2_reg     |   8|   0|    8|          0|
    |A_V_load_3_reg_5222                   |   8|   0|    8|          0|
    |A_V_load_3_reg_5222_pp0_iter2_reg     |   8|   0|    8|          0|
    |B_V_12_load_2_reg_5522                |   8|   0|    8|          0|
    |B_V_12_load_2_reg_5522_pp0_iter2_reg  |   8|   0|    8|          0|
    |B_V_12_load_3_reg_5532                |   8|   0|    8|          0|
    |B_V_12_load_3_reg_5532_pp0_iter2_reg  |   8|   0|    8|          0|
    |B_V_13_load_2_reg_5542                |   8|   0|    8|          0|
    |B_V_13_load_2_reg_5542_pp0_iter2_reg  |   8|   0|    8|          0|
    |B_V_14_load_2_reg_5562                |   8|   0|    8|          0|
    |B_V_14_load_2_reg_5562_pp0_iter2_reg  |   8|   0|    8|          0|
    |B_V_1_load_2_reg_5332                 |   8|   0|    8|          0|
    |B_V_1_load_2_reg_5332_pp0_iter2_reg   |   8|   0|    8|          0|
    |B_V_1_load_reg_5282                   |   8|   0|    8|          0|
    |B_V_1_load_reg_5282_pp0_iter2_reg     |   8|   0|    8|          0|
    |B_V_2_load_2_reg_5337                 |   8|   0|    8|          0|
    |B_V_2_load_2_reg_5337_pp0_iter2_reg   |   8|   0|    8|          0|
    |B_V_2_load_reg_5287                   |   8|   0|    8|          0|
    |B_V_2_load_reg_5287_pp0_iter2_reg     |   8|   0|    8|          0|
    |B_V_3_load_2_reg_5342                 |   8|   0|    8|          0|
    |B_V_3_load_2_reg_5342_pp0_iter2_reg   |   8|   0|    8|          0|
    |B_V_3_load_reg_5292                   |   8|   0|    8|          0|
    |B_V_3_load_reg_5292_pp0_iter2_reg     |   8|   0|    8|          0|
    |B_V_4_load_2_reg_5347                 |   8|   0|    8|          0|
    |B_V_4_load_2_reg_5347_pp0_iter2_reg   |   8|   0|    8|          0|
    |B_V_4_load_reg_5297                   |   8|   0|    8|          0|
    |B_V_4_load_reg_5297_pp0_iter2_reg     |   8|   0|    8|          0|
    |B_V_5_load_2_reg_5352                 |   8|   0|    8|          0|
    |B_V_5_load_2_reg_5352_pp0_iter2_reg   |   8|   0|    8|          0|
    |B_V_5_load_reg_5302                   |   8|   0|    8|          0|
    |B_V_5_load_reg_5302_pp0_iter2_reg     |   8|   0|    8|          0|
    |B_V_6_load_2_reg_5357                 |   8|   0|    8|          0|
    |B_V_6_load_2_reg_5357_pp0_iter2_reg   |   8|   0|    8|          0|
    |B_V_6_load_reg_5307                   |   8|   0|    8|          0|
    |B_V_6_load_reg_5307_pp0_iter2_reg     |   8|   0|    8|          0|
    |B_V_7_load_reg_5312                   |   8|   0|    8|          0|
    |B_V_7_load_reg_5312_pp0_iter2_reg     |   8|   0|    8|          0|
    |B_V_8_load_2_reg_5452                 |   8|   0|    8|          0|
    |B_V_8_load_2_reg_5452_pp0_iter2_reg   |   8|   0|    8|          0|
    |B_V_9_load_2_reg_5462                 |   8|   0|    8|          0|
    |B_V_9_load_2_reg_5462_pp0_iter2_reg   |   8|   0|    8|          0|
    |B_V_9_load_3_reg_5472                 |   8|   0|    8|          0|
    |B_V_9_load_3_reg_5472_pp0_iter2_reg   |   8|   0|    8|          0|
    |B_V_load_1_reg_5322                   |   8|   0|    8|          0|
    |B_V_load_1_reg_5322_pp0_iter2_reg     |   8|   0|    8|          0|
    |B_V_load_2_reg_5327                   |   8|   0|    8|          0|
    |B_V_load_2_reg_5327_pp0_iter2_reg     |   8|   0|    8|          0|
    |add_ln54_reg_5602                     |  12|   0|   12|          0|
    |ap_CS_fsm                             |   1|   0|    1|          0|
    |ap_done_reg                           |   1|   0|    1|          0|
    |ap_enable_reg_pp0_iter1               |   1|   0|    1|          0|
    |ap_enable_reg_pp0_iter2               |   1|   0|    1|          0|
    |ap_enable_reg_pp0_iter3               |   1|   0|    1|          0|
    |ap_enable_reg_pp0_iter4               |   1|   0|    1|          0|
    |ap_loop_exit_ready_pp0_iter1_reg      |   1|   0|    1|          0|
    |ap_loop_exit_ready_pp0_iter2_reg      |   1|   0|    1|          0|
    |ap_loop_exit_ready_pp0_iter3_reg      |   1|   0|    1|          0|
    |i_fu_162                              |   7|   0|    7|          0|
    |indvar_flatten_fu_166                 |  13|   0|   13|          0|
    |j_fu_158                              |   7|   0|    7|          0|
    |mul_ln1494_30_reg_5432                |  16|   0|   16|          0|
    |mul_ln1494_30_reg_5432_pp0_iter2_reg  |  16|   0|   16|          0|
    |mul_ln1494_32_reg_5442                |  16|   0|   16|          0|
    |mul_ln1494_32_reg_5442_pp0_iter2_reg  |  16|   0|   16|          0|
    |mul_ln1494_40_reg_5482                |  16|   0|   16|          0|
    |mul_ln1494_40_reg_5482_pp0_iter2_reg  |  16|   0|   16|          0|
    |mul_ln1494_42_reg_5492                |  16|   0|   16|          0|
    |mul_ln1494_42_reg_5492_pp0_iter2_reg  |  16|   0|   16|          0|
    |mul_ln1494_44_reg_5502                |  16|   0|   16|          0|
    |mul_ln1494_44_reg_5502_pp0_iter2_reg  |  16|   0|   16|          0|
    |mul_ln1494_46_reg_5512                |  16|   0|   16|          0|
    |mul_ln1494_46_reg_5512_pp0_iter2_reg  |  16|   0|   16|          0|
    |mul_ln1494_54_reg_5552                |  16|   0|   16|          0|
    |mul_ln1494_54_reg_5552_pp0_iter2_reg  |  16|   0|   16|          0|
    |mul_ln1494_58_reg_5572                |  16|   0|   16|          0|
    |mul_ln1494_58_reg_5572_pp0_iter2_reg  |  16|   0|   16|          0|
    |mul_ln1494_60_reg_5582                |  16|   0|   16|          0|
    |mul_ln1494_60_reg_5582_pp0_iter2_reg  |  16|   0|   16|          0|
    |mul_ln1494_62_reg_5592                |  16|   0|   16|          0|
    |mul_ln1494_62_reg_5592_pp0_iter2_reg  |  16|   0|   16|          0|
    |select_ln44_reg_4275                  |   7|   0|    7|          0|
    |tmp_reg_4967                          |   1|   0|    1|          0|
    |trunc_ln44_reg_4282                   |   6|   0|    6|          0|
    |add_ln54_reg_5602                     |  64|  32|   12|          0|
    +--------------------------------------+----+----+-----+-----------+
    |Total                                 |1150|  32| 1098|          0|
    +--------------------------------------+----+----+-----+-----------+



================================================================
== Interface
================================================================
* Summary: 
+-----------------+-----+-----+------------+-----------------------------------------+--------------+
|    RTL Ports    | Dir | Bits|  Protocol  |              Source Object              |    C Type    |
+-----------------+-----+-----+------------+-----------------------------------------+--------------+
|ap_clk           |   in|    1|  ap_ctrl_hs|  mult_hw_Pipeline_mult_outer_mult_middle|  return value|
|ap_rst           |   in|    1|  ap_ctrl_hs|  mult_hw_Pipeline_mult_outer_mult_middle|  return value|
|ap_start         |   in|    1|  ap_ctrl_hs|  mult_hw_Pipeline_mult_outer_mult_middle|  return value|
|ap_done          |  out|    1|  ap_ctrl_hs|  mult_hw_Pipeline_mult_outer_mult_middle|  return value|
|ap_idle          |  out|    1|  ap_ctrl_hs|  mult_hw_Pipeline_mult_outer_mult_middle|  return value|
|ap_ready         |  out|    1|  ap_ctrl_hs|  mult_hw_Pipeline_mult_outer_mult_middle|  return value|
|A_V_address0     |  out|    8|   ap_memory|                                      A_V|         array|
|A_V_ce0          |  out|    1|   ap_memory|                                      A_V|         array|
|A_V_q0           |   in|    8|   ap_memory|                                      A_V|         array|
|A_V_address1     |  out|    8|   ap_memory|                                      A_V|         array|
|A_V_ce1          |  out|    1|   ap_memory|                                      A_V|         array|
|A_V_q1           |   in|    8|   ap_memory|                                      A_V|         array|
|A_V_address2     |  out|    8|   ap_memory|                                      A_V|         array|
|A_V_ce2          |  out|    1|   ap_memory|                                      A_V|         array|
|A_V_q2           |   in|    8|   ap_memory|                                      A_V|         array|
|A_V_address3     |  out|    8|   ap_memory|                                      A_V|         array|
|A_V_ce3          |  out|    1|   ap_memory|                                      A_V|         array|
|A_V_q3           |   in|    8|   ap_memory|                                      A_V|         array|
|A_V_1_address0   |  out|    8|   ap_memory|                                    A_V_1|         array|
|A_V_1_ce0        |  out|    1|   ap_memory|                                    A_V_1|         array|
|A_V_1_q0         |   in|    8|   ap_memory|                                    A_V_1|         array|
|A_V_1_address1   |  out|    8|   ap_memory|                                    A_V_1|         array|
|A_V_1_ce1        |  out|    1|   ap_memory|                                    A_V_1|         array|
|A_V_1_q1         |   in|    8|   ap_memory|                                    A_V_1|         array|
|A_V_1_address2   |  out|    8|   ap_memory|                                    A_V_1|         array|
|A_V_1_ce2        |  out|    1|   ap_memory|                                    A_V_1|         array|
|A_V_1_q2         |   in|    8|   ap_memory|                                    A_V_1|         array|
|A_V_1_address3   |  out|    8|   ap_memory|                                    A_V_1|         array|
|A_V_1_ce3        |  out|    1|   ap_memory|                                    A_V_1|         array|
|A_V_1_q3         |   in|    8|   ap_memory|                                    A_V_1|         array|
|A_V_2_address0   |  out|    8|   ap_memory|                                    A_V_2|         array|
|A_V_2_ce0        |  out|    1|   ap_memory|                                    A_V_2|         array|
|A_V_2_q0         |   in|    8|   ap_memory|                                    A_V_2|         array|
|A_V_2_address1   |  out|    8|   ap_memory|                                    A_V_2|         array|
|A_V_2_ce1        |  out|    1|   ap_memory|                                    A_V_2|         array|
|A_V_2_q1         |   in|    8|   ap_memory|                                    A_V_2|         array|
|A_V_2_address2   |  out|    8|   ap_memory|                                    A_V_2|         array|
|A_V_2_ce2        |  out|    1|   ap_memory|                                    A_V_2|         array|
|A_V_2_q2         |   in|    8|   ap_memory|                                    A_V_2|         array|
|A_V_2_address3   |  out|    8|   ap_memory|                                    A_V_2|         array|
|A_V_2_ce3        |  out|    1|   ap_memory|                                    A_V_2|         array|
|A_V_2_q3         |   in|    8|   ap_memory|                                    A_V_2|         array|
|A_V_3_address0   |  out|    8|   ap_memory|                                    A_V_3|         array|
|A_V_3_ce0        |  out|    1|   ap_memory|                                    A_V_3|         array|
|A_V_3_q0         |   in|    8|   ap_memory|                                    A_V_3|         array|
|A_V_3_address1   |  out|    8|   ap_memory|                                    A_V_3|         array|
|A_V_3_ce1        |  out|    1|   ap_memory|                                    A_V_3|         array|
|A_V_3_q1         |   in|    8|   ap_memory|                                    A_V_3|         array|
|A_V_3_address2   |  out|    8|   ap_memory|                                    A_V_3|         array|
|A_V_3_ce2        |  out|    1|   ap_memory|                                    A_V_3|         array|
|A_V_3_q2         |   in|    8|   ap_memory|                                    A_V_3|         array|
|A_V_3_address3   |  out|    8|   ap_memory|                                    A_V_3|         array|
|A_V_3_ce3        |  out|    1|   ap_memory|                                    A_V_3|         array|
|A_V_3_q3         |   in|    8|   ap_memory|                                    A_V_3|         array|
|A_V_4_address0   |  out|    8|   ap_memory|                                    A_V_4|         array|
|A_V_4_ce0        |  out|    1|   ap_memory|                                    A_V_4|         array|
|A_V_4_q0         |   in|    8|   ap_memory|                                    A_V_4|         array|
|A_V_4_address1   |  out|    8|   ap_memory|                                    A_V_4|         array|
|A_V_4_ce1        |  out|    1|   ap_memory|                                    A_V_4|         array|
|A_V_4_q1         |   in|    8|   ap_memory|                                    A_V_4|         array|
|A_V_4_address2   |  out|    8|   ap_memory|                                    A_V_4|         array|
|A_V_4_ce2        |  out|    1|   ap_memory|                                    A_V_4|         array|
|A_V_4_q2         |   in|    8|   ap_memory|                                    A_V_4|         array|
|A_V_4_address3   |  out|    8|   ap_memory|                                    A_V_4|         array|
|A_V_4_ce3        |  out|    1|   ap_memory|                                    A_V_4|         array|
|A_V_4_q3         |   in|    8|   ap_memory|                                    A_V_4|         array|
|A_V_5_address0   |  out|    8|   ap_memory|                                    A_V_5|         array|
|A_V_5_ce0        |  out|    1|   ap_memory|                                    A_V_5|         array|
|A_V_5_q0         |   in|    8|   ap_memory|                                    A_V_5|         array|
|A_V_5_address1   |  out|    8|   ap_memory|                                    A_V_5|         array|
|A_V_5_ce1        |  out|    1|   ap_memory|                                    A_V_5|         array|
|A_V_5_q1         |   in|    8|   ap_memory|                                    A_V_5|         array|
|A_V_5_address2   |  out|    8|   ap_memory|                                    A_V_5|         array|
|A_V_5_ce2        |  out|    1|   ap_memory|                                    A_V_5|         array|
|A_V_5_q2         |   in|    8|   ap_memory|                                    A_V_5|         array|
|A_V_5_address3   |  out|    8|   ap_memory|                                    A_V_5|         array|
|A_V_5_ce3        |  out|    1|   ap_memory|                                    A_V_5|         array|
|A_V_5_q3         |   in|    8|   ap_memory|                                    A_V_5|         array|
|A_V_6_address0   |  out|    8|   ap_memory|                                    A_V_6|         array|
|A_V_6_ce0        |  out|    1|   ap_memory|                                    A_V_6|         array|
|A_V_6_q0         |   in|    8|   ap_memory|                                    A_V_6|         array|
|A_V_6_address1   |  out|    8|   ap_memory|                                    A_V_6|         array|
|A_V_6_ce1        |  out|    1|   ap_memory|                                    A_V_6|         array|
|A_V_6_q1         |   in|    8|   ap_memory|                                    A_V_6|         array|
|A_V_6_address2   |  out|    8|   ap_memory|                                    A_V_6|         array|
|A_V_6_ce2        |  out|    1|   ap_memory|                                    A_V_6|         array|
|A_V_6_q2         |   in|    8|   ap_memory|                                    A_V_6|         array|
|A_V_6_address3   |  out|    8|   ap_memory|                                    A_V_6|         array|
|A_V_6_ce3        |  out|    1|   ap_memory|                                    A_V_6|         array|
|A_V_6_q3         |   in|    8|   ap_memory|                                    A_V_6|         array|
|A_V_7_address0   |  out|    8|   ap_memory|                                    A_V_7|         array|
|A_V_7_ce0        |  out|    1|   ap_memory|                                    A_V_7|         array|
|A_V_7_q0         |   in|    8|   ap_memory|                                    A_V_7|         array|
|A_V_7_address1   |  out|    8|   ap_memory|                                    A_V_7|         array|
|A_V_7_ce1        |  out|    1|   ap_memory|                                    A_V_7|         array|
|A_V_7_q1         |   in|    8|   ap_memory|                                    A_V_7|         array|
|A_V_7_address2   |  out|    8|   ap_memory|                                    A_V_7|         array|
|A_V_7_ce2        |  out|    1|   ap_memory|                                    A_V_7|         array|
|A_V_7_q2         |   in|    8|   ap_memory|                                    A_V_7|         array|
|A_V_7_address3   |  out|    8|   ap_memory|                                    A_V_7|         array|
|A_V_7_ce3        |  out|    1|   ap_memory|                                    A_V_7|         array|
|A_V_7_q3         |   in|    8|   ap_memory|                                    A_V_7|         array|
|A_V_8_address0   |  out|    8|   ap_memory|                                    A_V_8|         array|
|A_V_8_ce0        |  out|    1|   ap_memory|                                    A_V_8|         array|
|A_V_8_q0         |   in|    8|   ap_memory|                                    A_V_8|         array|
|A_V_8_address1   |  out|    8|   ap_memory|                                    A_V_8|         array|
|A_V_8_ce1        |  out|    1|   ap_memory|                                    A_V_8|         array|
|A_V_8_q1         |   in|    8|   ap_memory|                                    A_V_8|         array|
|A_V_8_address2   |  out|    8|   ap_memory|                                    A_V_8|         array|
|A_V_8_ce2        |  out|    1|   ap_memory|                                    A_V_8|         array|
|A_V_8_q2         |   in|    8|   ap_memory|                                    A_V_8|         array|
|A_V_8_address3   |  out|    8|   ap_memory|                                    A_V_8|         array|
|A_V_8_ce3        |  out|    1|   ap_memory|                                    A_V_8|         array|
|A_V_8_q3         |   in|    8|   ap_memory|                                    A_V_8|         array|
|A_V_9_address0   |  out|    8|   ap_memory|                                    A_V_9|         array|
|A_V_9_ce0        |  out|    1|   ap_memory|                                    A_V_9|         array|
|A_V_9_q0         |   in|    8|   ap_memory|                                    A_V_9|         array|
|A_V_9_address1   |  out|    8|   ap_memory|                                    A_V_9|         array|
|A_V_9_ce1        |  out|    1|   ap_memory|                                    A_V_9|         array|
|A_V_9_q1         |   in|    8|   ap_memory|                                    A_V_9|         array|
|A_V_9_address2   |  out|    8|   ap_memory|                                    A_V_9|         array|
|A_V_9_ce2        |  out|    1|   ap_memory|                                    A_V_9|         array|
|A_V_9_q2         |   in|    8|   ap_memory|                                    A_V_9|         array|
|A_V_9_address3   |  out|    8|   ap_memory|                                    A_V_9|         array|
|A_V_9_ce3        |  out|    1|   ap_memory|                                    A_V_9|         array|
|A_V_9_q3         |   in|    8|   ap_memory|                                    A_V_9|         array|
|A_V_10_address0  |  out|    8|   ap_memory|                                   A_V_10|         array|
|A_V_10_ce0       |  out|    1|   ap_memory|                                   A_V_10|         array|
|A_V_10_q0        |   in|    8|   ap_memory|                                   A_V_10|         array|
|A_V_10_address1  |  out|    8|   ap_memory|                                   A_V_10|         array|
|A_V_10_ce1       |  out|    1|   ap_memory|                                   A_V_10|         array|
|A_V_10_q1        |   in|    8|   ap_memory|                                   A_V_10|         array|
|A_V_10_address2  |  out|    8|   ap_memory|                                   A_V_10|         array|
|A_V_10_ce2       |  out|    1|   ap_memory|                                   A_V_10|         array|
|A_V_10_q2        |   in|    8|   ap_memory|                                   A_V_10|         array|
|A_V_10_address3  |  out|    8|   ap_memory|                                   A_V_10|         array|
|A_V_10_ce3       |  out|    1|   ap_memory|                                   A_V_10|         array|
|A_V_10_q3        |   in|    8|   ap_memory|                                   A_V_10|         array|
|A_V_11_address0  |  out|    8|   ap_memory|                                   A_V_11|         array|
|A_V_11_ce0       |  out|    1|   ap_memory|                                   A_V_11|         array|
|A_V_11_q0        |   in|    8|   ap_memory|                                   A_V_11|         array|
|A_V_11_address1  |  out|    8|   ap_memory|                                   A_V_11|         array|
|A_V_11_ce1       |  out|    1|   ap_memory|                                   A_V_11|         array|
|A_V_11_q1        |   in|    8|   ap_memory|                                   A_V_11|         array|
|A_V_11_address2  |  out|    8|   ap_memory|                                   A_V_11|         array|
|A_V_11_ce2       |  out|    1|   ap_memory|                                   A_V_11|         array|
|A_V_11_q2        |   in|    8|   ap_memory|                                   A_V_11|         array|
|A_V_11_address3  |  out|    8|   ap_memory|                                   A_V_11|         array|
|A_V_11_ce3       |  out|    1|   ap_memory|                                   A_V_11|         array|
|A_V_11_q3        |   in|    8|   ap_memory|                                   A_V_11|         array|
|A_V_12_address0  |  out|    8|   ap_memory|                                   A_V_12|         array|
|A_V_12_ce0       |  out|    1|   ap_memory|                                   A_V_12|         array|
|A_V_12_q0        |   in|    8|   ap_memory|                                   A_V_12|         array|
|A_V_12_address1  |  out|    8|   ap_memory|                                   A_V_12|         array|
|A_V_12_ce1       |  out|    1|   ap_memory|                                   A_V_12|         array|
|A_V_12_q1        |   in|    8|   ap_memory|                                   A_V_12|         array|
|A_V_12_address2  |  out|    8|   ap_memory|                                   A_V_12|         array|
|A_V_12_ce2       |  out|    1|   ap_memory|                                   A_V_12|         array|
|A_V_12_q2        |   in|    8|   ap_memory|                                   A_V_12|         array|
|A_V_12_address3  |  out|    8|   ap_memory|                                   A_V_12|         array|
|A_V_12_ce3       |  out|    1|   ap_memory|                                   A_V_12|         array|
|A_V_12_q3        |   in|    8|   ap_memory|                                   A_V_12|         array|
|A_V_13_address0  |  out|    8|   ap_memory|                                   A_V_13|         array|
|A_V_13_ce0       |  out|    1|   ap_memory|                                   A_V_13|         array|
|A_V_13_q0        |   in|    8|   ap_memory|                                   A_V_13|         array|
|A_V_13_address1  |  out|    8|   ap_memory|                                   A_V_13|         array|
|A_V_13_ce1       |  out|    1|   ap_memory|                                   A_V_13|         array|
|A_V_13_q1        |   in|    8|   ap_memory|                                   A_V_13|         array|
|A_V_13_address2  |  out|    8|   ap_memory|                                   A_V_13|         array|
|A_V_13_ce2       |  out|    1|   ap_memory|                                   A_V_13|         array|
|A_V_13_q2        |   in|    8|   ap_memory|                                   A_V_13|         array|
|A_V_13_address3  |  out|    8|   ap_memory|                                   A_V_13|         array|
|A_V_13_ce3       |  out|    1|   ap_memory|                                   A_V_13|         array|
|A_V_13_q3        |   in|    8|   ap_memory|                                   A_V_13|         array|
|A_V_14_address0  |  out|    8|   ap_memory|                                   A_V_14|         array|
|A_V_14_ce0       |  out|    1|   ap_memory|                                   A_V_14|         array|
|A_V_14_q0        |   in|    8|   ap_memory|                                   A_V_14|         array|
|A_V_14_address1  |  out|    8|   ap_memory|                                   A_V_14|         array|
|A_V_14_ce1       |  out|    1|   ap_memory|                                   A_V_14|         array|
|A_V_14_q1        |   in|    8|   ap_memory|                                   A_V_14|         array|
|A_V_14_address2  |  out|    8|   ap_memory|                                   A_V_14|         array|
|A_V_14_ce2       |  out|    1|   ap_memory|                                   A_V_14|         array|
|A_V_14_q2        |   in|    8|   ap_memory|                                   A_V_14|         array|
|A_V_14_address3  |  out|    8|   ap_memory|                                   A_V_14|         array|
|A_V_14_ce3       |  out|    1|   ap_memory|                                   A_V_14|         array|
|A_V_14_q3        |   in|    8|   ap_memory|                                   A_V_14|         array|
|A_V_15_address0  |  out|    8|   ap_memory|                                   A_V_15|         array|
|A_V_15_ce0       |  out|    1|   ap_memory|                                   A_V_15|         array|
|A_V_15_q0        |   in|    8|   ap_memory|                                   A_V_15|         array|
|A_V_15_address1  |  out|    8|   ap_memory|                                   A_V_15|         array|
|A_V_15_ce1       |  out|    1|   ap_memory|                                   A_V_15|         array|
|A_V_15_q1        |   in|    8|   ap_memory|                                   A_V_15|         array|
|A_V_15_address2  |  out|    8|   ap_memory|                                   A_V_15|         array|
|A_V_15_ce2       |  out|    1|   ap_memory|                                   A_V_15|         array|
|A_V_15_q2        |   in|    8|   ap_memory|                                   A_V_15|         array|
|A_V_15_address3  |  out|    8|   ap_memory|                                   A_V_15|         array|
|A_V_15_ce3       |  out|    1|   ap_memory|                                   A_V_15|         array|
|A_V_15_q3        |   in|    8|   ap_memory|                                   A_V_15|         array|
|B_V_address0     |  out|    8|   ap_memory|                                      B_V|         array|
|B_V_ce0          |  out|    1|   ap_memory|                                      B_V|         array|
|B_V_q0           |   in|    8|   ap_memory|                                      B_V|         array|
|B_V_address1     |  out|    8|   ap_memory|                                      B_V|         array|
|B_V_ce1          |  out|    1|   ap_memory|                                      B_V|         array|
|B_V_q1           |   in|    8|   ap_memory|                                      B_V|         array|
|B_V_address2     |  out|    8|   ap_memory|                                      B_V|         array|
|B_V_ce2          |  out|    1|   ap_memory|                                      B_V|         array|
|B_V_q2           |   in|    8|   ap_memory|                                      B_V|         array|
|B_V_address3     |  out|    8|   ap_memory|                                      B_V|         array|
|B_V_ce3          |  out|    1|   ap_memory|                                      B_V|         array|
|B_V_q3           |   in|    8|   ap_memory|                                      B_V|         array|
|B_V_address4     |  out|    8|   ap_memory|                                      B_V|         array|
|B_V_ce4          |  out|    1|   ap_memory|                                      B_V|         array|
|B_V_q4           |   in|    8|   ap_memory|                                      B_V|         array|
|B_V_1_address0   |  out|    8|   ap_memory|                                    B_V_1|         array|
|B_V_1_ce0        |  out|    1|   ap_memory|                                    B_V_1|         array|
|B_V_1_q0         |   in|    8|   ap_memory|                                    B_V_1|         array|
|B_V_1_address1   |  out|    8|   ap_memory|                                    B_V_1|         array|
|B_V_1_ce1        |  out|    1|   ap_memory|                                    B_V_1|         array|
|B_V_1_q1         |   in|    8|   ap_memory|                                    B_V_1|         array|
|B_V_1_address2   |  out|    8|   ap_memory|                                    B_V_1|         array|
|B_V_1_ce2        |  out|    1|   ap_memory|                                    B_V_1|         array|
|B_V_1_q2         |   in|    8|   ap_memory|                                    B_V_1|         array|
|B_V_1_address3   |  out|    8|   ap_memory|                                    B_V_1|         array|
|B_V_1_ce3        |  out|    1|   ap_memory|                                    B_V_1|         array|
|B_V_1_q3         |   in|    8|   ap_memory|                                    B_V_1|         array|
|B_V_1_address4   |  out|    8|   ap_memory|                                    B_V_1|         array|
|B_V_1_ce4        |  out|    1|   ap_memory|                                    B_V_1|         array|
|B_V_1_q4         |   in|    8|   ap_memory|                                    B_V_1|         array|
|B_V_2_address0   |  out|    8|   ap_memory|                                    B_V_2|         array|
|B_V_2_ce0        |  out|    1|   ap_memory|                                    B_V_2|         array|
|B_V_2_q0         |   in|    8|   ap_memory|                                    B_V_2|         array|
|B_V_2_address1   |  out|    8|   ap_memory|                                    B_V_2|         array|
|B_V_2_ce1        |  out|    1|   ap_memory|                                    B_V_2|         array|
|B_V_2_q1         |   in|    8|   ap_memory|                                    B_V_2|         array|
|B_V_2_address2   |  out|    8|   ap_memory|                                    B_V_2|         array|
|B_V_2_ce2        |  out|    1|   ap_memory|                                    B_V_2|         array|
|B_V_2_q2         |   in|    8|   ap_memory|                                    B_V_2|         array|
|B_V_2_address3   |  out|    8|   ap_memory|                                    B_V_2|         array|
|B_V_2_ce3        |  out|    1|   ap_memory|                                    B_V_2|         array|
|B_V_2_q3         |   in|    8|   ap_memory|                                    B_V_2|         array|
|B_V_2_address4   |  out|    8|   ap_memory|                                    B_V_2|         array|
|B_V_2_ce4        |  out|    1|   ap_memory|                                    B_V_2|         array|
|B_V_2_q4         |   in|    8|   ap_memory|                                    B_V_2|         array|
|B_V_3_address0   |  out|    8|   ap_memory|                                    B_V_3|         array|
|B_V_3_ce0        |  out|    1|   ap_memory|                                    B_V_3|         array|
|B_V_3_q0         |   in|    8|   ap_memory|                                    B_V_3|         array|
|B_V_3_address1   |  out|    8|   ap_memory|                                    B_V_3|         array|
|B_V_3_ce1        |  out|    1|   ap_memory|                                    B_V_3|         array|
|B_V_3_q1         |   in|    8|   ap_memory|                                    B_V_3|         array|
|B_V_3_address2   |  out|    8|   ap_memory|                                    B_V_3|         array|
|B_V_3_ce2        |  out|    1|   ap_memory|                                    B_V_3|         array|
|B_V_3_q2         |   in|    8|   ap_memory|                                    B_V_3|         array|
|B_V_3_address3   |  out|    8|   ap_memory|                                    B_V_3|         array|
|B_V_3_ce3        |  out|    1|   ap_memory|                                    B_V_3|         array|
|B_V_3_q3         |   in|    8|   ap_memory|                                    B_V_3|         array|
|B_V_3_address4   |  out|    8|   ap_memory|                                    B_V_3|         array|
|B_V_3_ce4        |  out|    1|   ap_memory|                                    B_V_3|         array|
|B_V_3_q4         |   in|    8|   ap_memory|                                    B_V_3|         array|
|B_V_4_address0   |  out|    8|   ap_memory|                                    B_V_4|         array|
|B_V_4_ce0        |  out|    1|   ap_memory|                                    B_V_4|         array|
|B_V_4_q0         |   in|    8|   ap_memory|                                    B_V_4|         array|
|B_V_4_address1   |  out|    8|   ap_memory|                                    B_V_4|         array|
|B_V_4_ce1        |  out|    1|   ap_memory|                                    B_V_4|         array|
|B_V_4_q1         |   in|    8|   ap_memory|                                    B_V_4|         array|
|B_V_4_address2   |  out|    8|   ap_memory|                                    B_V_4|         array|
|B_V_4_ce2        |  out|    1|   ap_memory|                                    B_V_4|         array|
|B_V_4_q2         |   in|    8|   ap_memory|                                    B_V_4|         array|
|B_V_4_address3   |  out|    8|   ap_memory|                                    B_V_4|         array|
|B_V_4_ce3        |  out|    1|   ap_memory|                                    B_V_4|         array|
|B_V_4_q3         |   in|    8|   ap_memory|                                    B_V_4|         array|
|B_V_4_address4   |  out|    8|   ap_memory|                                    B_V_4|         array|
|B_V_4_ce4        |  out|    1|   ap_memory|                                    B_V_4|         array|
|B_V_4_q4         |   in|    8|   ap_memory|                                    B_V_4|         array|
|B_V_5_address0   |  out|    8|   ap_memory|                                    B_V_5|         array|
|B_V_5_ce0        |  out|    1|   ap_memory|                                    B_V_5|         array|
|B_V_5_q0         |   in|    8|   ap_memory|                                    B_V_5|         array|
|B_V_5_address1   |  out|    8|   ap_memory|                                    B_V_5|         array|
|B_V_5_ce1        |  out|    1|   ap_memory|                                    B_V_5|         array|
|B_V_5_q1         |   in|    8|   ap_memory|                                    B_V_5|         array|
|B_V_5_address2   |  out|    8|   ap_memory|                                    B_V_5|         array|
|B_V_5_ce2        |  out|    1|   ap_memory|                                    B_V_5|         array|
|B_V_5_q2         |   in|    8|   ap_memory|                                    B_V_5|         array|
|B_V_5_address3   |  out|    8|   ap_memory|                                    B_V_5|         array|
|B_V_5_ce3        |  out|    1|   ap_memory|                                    B_V_5|         array|
|B_V_5_q3         |   in|    8|   ap_memory|                                    B_V_5|         array|
|B_V_5_address4   |  out|    8|   ap_memory|                                    B_V_5|         array|
|B_V_5_ce4        |  out|    1|   ap_memory|                                    B_V_5|         array|
|B_V_5_q4         |   in|    8|   ap_memory|                                    B_V_5|         array|
|B_V_6_address0   |  out|    8|   ap_memory|                                    B_V_6|         array|
|B_V_6_ce0        |  out|    1|   ap_memory|                                    B_V_6|         array|
|B_V_6_q0         |   in|    8|   ap_memory|                                    B_V_6|         array|
|B_V_6_address1   |  out|    8|   ap_memory|                                    B_V_6|         array|
|B_V_6_ce1        |  out|    1|   ap_memory|                                    B_V_6|         array|
|B_V_6_q1         |   in|    8|   ap_memory|                                    B_V_6|         array|
|B_V_6_address2   |  out|    8|   ap_memory|                                    B_V_6|         array|
|B_V_6_ce2        |  out|    1|   ap_memory|                                    B_V_6|         array|
|B_V_6_q2         |   in|    8|   ap_memory|                                    B_V_6|         array|
|B_V_6_address3   |  out|    8|   ap_memory|                                    B_V_6|         array|
|B_V_6_ce3        |  out|    1|   ap_memory|                                    B_V_6|         array|
|B_V_6_q3         |   in|    8|   ap_memory|                                    B_V_6|         array|
|B_V_6_address4   |  out|    8|   ap_memory|                                    B_V_6|         array|
|B_V_6_ce4        |  out|    1|   ap_memory|                                    B_V_6|         array|
|B_V_6_q4         |   in|    8|   ap_memory|                                    B_V_6|         array|
|B_V_7_address0   |  out|    8|   ap_memory|                                    B_V_7|         array|
|B_V_7_ce0        |  out|    1|   ap_memory|                                    B_V_7|         array|
|B_V_7_q0         |   in|    8|   ap_memory|                                    B_V_7|         array|
|B_V_7_address1   |  out|    8|   ap_memory|                                    B_V_7|         array|
|B_V_7_ce1        |  out|    1|   ap_memory|                                    B_V_7|         array|
|B_V_7_q1         |   in|    8|   ap_memory|                                    B_V_7|         array|
|B_V_7_address2   |  out|    8|   ap_memory|                                    B_V_7|         array|
|B_V_7_ce2        |  out|    1|   ap_memory|                                    B_V_7|         array|
|B_V_7_q2         |   in|    8|   ap_memory|                                    B_V_7|         array|
|B_V_7_address3   |  out|    8|   ap_memory|                                    B_V_7|         array|
|B_V_7_ce3        |  out|    1|   ap_memory|                                    B_V_7|         array|
|B_V_7_q3         |   in|    8|   ap_memory|                                    B_V_7|         array|
|B_V_7_address4   |  out|    8|   ap_memory|                                    B_V_7|         array|
|B_V_7_ce4        |  out|    1|   ap_memory|                                    B_V_7|         array|
|B_V_7_q4         |   in|    8|   ap_memory|                                    B_V_7|         array|
|B_V_8_address0   |  out|    8|   ap_memory|                                    B_V_8|         array|
|B_V_8_ce0        |  out|    1|   ap_memory|                                    B_V_8|         array|
|B_V_8_q0         |   in|    8|   ap_memory|                                    B_V_8|         array|
|B_V_8_address1   |  out|    8|   ap_memory|                                    B_V_8|         array|
|B_V_8_ce1        |  out|    1|   ap_memory|                                    B_V_8|         array|
|B_V_8_q1         |   in|    8|   ap_memory|                                    B_V_8|         array|
|B_V_8_address2   |  out|    8|   ap_memory|                                    B_V_8|         array|
|B_V_8_ce2        |  out|    1|   ap_memory|                                    B_V_8|         array|
|B_V_8_q2         |   in|    8|   ap_memory|                                    B_V_8|         array|
|B_V_8_address3   |  out|    8|   ap_memory|                                    B_V_8|         array|
|B_V_8_ce3        |  out|    1|   ap_memory|                                    B_V_8|         array|
|B_V_8_q3         |   in|    8|   ap_memory|                                    B_V_8|         array|
|B_V_8_address4   |  out|    8|   ap_memory|                                    B_V_8|         array|
|B_V_8_ce4        |  out|    1|   ap_memory|                                    B_V_8|         array|
|B_V_8_q4         |   in|    8|   ap_memory|                                    B_V_8|         array|
|B_V_9_address0   |  out|    8|   ap_memory|                                    B_V_9|         array|
|B_V_9_ce0        |  out|    1|   ap_memory|                                    B_V_9|         array|
|B_V_9_q0         |   in|    8|   ap_memory|                                    B_V_9|         array|
|B_V_9_address1   |  out|    8|   ap_memory|                                    B_V_9|         array|
|B_V_9_ce1        |  out|    1|   ap_memory|                                    B_V_9|         array|
|B_V_9_q1         |   in|    8|   ap_memory|                                    B_V_9|         array|
|B_V_9_address2   |  out|    8|   ap_memory|                                    B_V_9|         array|
|B_V_9_ce2        |  out|    1|   ap_memory|                                    B_V_9|         array|
|B_V_9_q2         |   in|    8|   ap_memory|                                    B_V_9|         array|
|B_V_9_address3   |  out|    8|   ap_memory|                                    B_V_9|         array|
|B_V_9_ce3        |  out|    1|   ap_memory|                                    B_V_9|         array|
|B_V_9_q3         |   in|    8|   ap_memory|                                    B_V_9|         array|
|B_V_9_address4   |  out|    8|   ap_memory|                                    B_V_9|         array|
|B_V_9_ce4        |  out|    1|   ap_memory|                                    B_V_9|         array|
|B_V_9_q4         |   in|    8|   ap_memory|                                    B_V_9|         array|
|B_V_10_address0  |  out|    8|   ap_memory|                                   B_V_10|         array|
|B_V_10_ce0       |  out|    1|   ap_memory|                                   B_V_10|         array|
|B_V_10_q0        |   in|    8|   ap_memory|                                   B_V_10|         array|
|B_V_10_address1  |  out|    8|   ap_memory|                                   B_V_10|         array|
|B_V_10_ce1       |  out|    1|   ap_memory|                                   B_V_10|         array|
|B_V_10_q1        |   in|    8|   ap_memory|                                   B_V_10|         array|
|B_V_10_address2  |  out|    8|   ap_memory|                                   B_V_10|         array|
|B_V_10_ce2       |  out|    1|   ap_memory|                                   B_V_10|         array|
|B_V_10_q2        |   in|    8|   ap_memory|                                   B_V_10|         array|
|B_V_10_address3  |  out|    8|   ap_memory|                                   B_V_10|         array|
|B_V_10_ce3       |  out|    1|   ap_memory|                                   B_V_10|         array|
|B_V_10_q3        |   in|    8|   ap_memory|                                   B_V_10|         array|
|B_V_10_address4  |  out|    8|   ap_memory|                                   B_V_10|         array|
|B_V_10_ce4       |  out|    1|   ap_memory|                                   B_V_10|         array|
|B_V_10_q4        |   in|    8|   ap_memory|                                   B_V_10|         array|
|B_V_11_address0  |  out|    8|   ap_memory|                                   B_V_11|         array|
|B_V_11_ce0       |  out|    1|   ap_memory|                                   B_V_11|         array|
|B_V_11_q0        |   in|    8|   ap_memory|                                   B_V_11|         array|
|B_V_11_address1  |  out|    8|   ap_memory|                                   B_V_11|         array|
|B_V_11_ce1       |  out|    1|   ap_memory|                                   B_V_11|         array|
|B_V_11_q1        |   in|    8|   ap_memory|                                   B_V_11|         array|
|B_V_11_address2  |  out|    8|   ap_memory|                                   B_V_11|         array|
|B_V_11_ce2       |  out|    1|   ap_memory|                                   B_V_11|         array|
|B_V_11_q2        |   in|    8|   ap_memory|                                   B_V_11|         array|
|B_V_11_address3  |  out|    8|   ap_memory|                                   B_V_11|         array|
|B_V_11_ce3       |  out|    1|   ap_memory|                                   B_V_11|         array|
|B_V_11_q3        |   in|    8|   ap_memory|                                   B_V_11|         array|
|B_V_11_address4  |  out|    8|   ap_memory|                                   B_V_11|         array|
|B_V_11_ce4       |  out|    1|   ap_memory|                                   B_V_11|         array|
|B_V_11_q4        |   in|    8|   ap_memory|                                   B_V_11|         array|
|B_V_12_address0  |  out|    8|   ap_memory|                                   B_V_12|         array|
|B_V_12_ce0       |  out|    1|   ap_memory|                                   B_V_12|         array|
|B_V_12_q0        |   in|    8|   ap_memory|                                   B_V_12|         array|
|B_V_12_address1  |  out|    8|   ap_memory|                                   B_V_12|         array|
|B_V_12_ce1       |  out|    1|   ap_memory|                                   B_V_12|         array|
|B_V_12_q1        |   in|    8|   ap_memory|                                   B_V_12|         array|
|B_V_12_address2  |  out|    8|   ap_memory|                                   B_V_12|         array|
|B_V_12_ce2       |  out|    1|   ap_memory|                                   B_V_12|         array|
|B_V_12_q2        |   in|    8|   ap_memory|                                   B_V_12|         array|
|B_V_12_address3  |  out|    8|   ap_memory|                                   B_V_12|         array|
|B_V_12_ce3       |  out|    1|   ap_memory|                                   B_V_12|         array|
|B_V_12_q3        |   in|    8|   ap_memory|                                   B_V_12|         array|
|B_V_12_address4  |  out|    8|   ap_memory|                                   B_V_12|         array|
|B_V_12_ce4       |  out|    1|   ap_memory|                                   B_V_12|         array|
|B_V_12_q4        |   in|    8|   ap_memory|                                   B_V_12|         array|
|B_V_13_address0  |  out|    8|   ap_memory|                                   B_V_13|         array|
|B_V_13_ce0       |  out|    1|   ap_memory|                                   B_V_13|         array|
|B_V_13_q0        |   in|    8|   ap_memory|                                   B_V_13|         array|
|B_V_13_address1  |  out|    8|   ap_memory|                                   B_V_13|         array|
|B_V_13_ce1       |  out|    1|   ap_memory|                                   B_V_13|         array|
|B_V_13_q1        |   in|    8|   ap_memory|                                   B_V_13|         array|
|B_V_13_address2  |  out|    8|   ap_memory|                                   B_V_13|         array|
|B_V_13_ce2       |  out|    1|   ap_memory|                                   B_V_13|         array|
|B_V_13_q2        |   in|    8|   ap_memory|                                   B_V_13|         array|
|B_V_13_address3  |  out|    8|   ap_memory|                                   B_V_13|         array|
|B_V_13_ce3       |  out|    1|   ap_memory|                                   B_V_13|         array|
|B_V_13_q3        |   in|    8|   ap_memory|                                   B_V_13|         array|
|B_V_13_address4  |  out|    8|   ap_memory|                                   B_V_13|         array|
|B_V_13_ce4       |  out|    1|   ap_memory|                                   B_V_13|         array|
|B_V_13_q4        |   in|    8|   ap_memory|                                   B_V_13|         array|
|B_V_14_address0  |  out|    8|   ap_memory|                                   B_V_14|         array|
|B_V_14_ce0       |  out|    1|   ap_memory|                                   B_V_14|         array|
|B_V_14_q0        |   in|    8|   ap_memory|                                   B_V_14|         array|
|B_V_14_address1  |  out|    8|   ap_memory|                                   B_V_14|         array|
|B_V_14_ce1       |  out|    1|   ap_memory|                                   B_V_14|         array|
|B_V_14_q1        |   in|    8|   ap_memory|                                   B_V_14|         array|
|B_V_14_address2  |  out|    8|   ap_memory|                                   B_V_14|         array|
|B_V_14_ce2       |  out|    1|   ap_memory|                                   B_V_14|         array|
|B_V_14_q2        |   in|    8|   ap_memory|                                   B_V_14|         array|
|B_V_14_address3  |  out|    8|   ap_memory|                                   B_V_14|         array|
|B_V_14_ce3       |  out|    1|   ap_memory|                                   B_V_14|         array|
|B_V_14_q3        |   in|    8|   ap_memory|                                   B_V_14|         array|
|B_V_14_address4  |  out|    8|   ap_memory|                                   B_V_14|         array|
|B_V_14_ce4       |  out|    1|   ap_memory|                                   B_V_14|         array|
|B_V_14_q4        |   in|    8|   ap_memory|                                   B_V_14|         array|
|B_V_15_address0  |  out|    8|   ap_memory|                                   B_V_15|         array|
|B_V_15_ce0       |  out|    1|   ap_memory|                                   B_V_15|         array|
|B_V_15_q0        |   in|    8|   ap_memory|                                   B_V_15|         array|
|B_V_15_address1  |  out|    8|   ap_memory|                                   B_V_15|         array|
|B_V_15_ce1       |  out|    1|   ap_memory|                                   B_V_15|         array|
|B_V_15_q1        |   in|    8|   ap_memory|                                   B_V_15|         array|
|B_V_15_address2  |  out|    8|   ap_memory|                                   B_V_15|         array|
|B_V_15_ce2       |  out|    1|   ap_memory|                                   B_V_15|         array|
|B_V_15_q2        |   in|    8|   ap_memory|                                   B_V_15|         array|
|B_V_15_address3  |  out|    8|   ap_memory|                                   B_V_15|         array|
|B_V_15_ce3       |  out|    1|   ap_memory|                                   B_V_15|         array|
|B_V_15_q3        |   in|    8|   ap_memory|                                   B_V_15|         array|
|B_V_15_address4  |  out|    8|   ap_memory|                                   B_V_15|         array|
|B_V_15_ce4       |  out|    1|   ap_memory|                                   B_V_15|         array|
|B_V_15_q4        |   in|    8|   ap_memory|                                   B_V_15|         array|
|C_V_address0     |  out|   12|   ap_memory|                                      C_V|         array|
|C_V_ce0          |  out|    1|   ap_memory|                                      C_V|         array|
|C_V_we0          |  out|    1|   ap_memory|                                      C_V|         array|
|C_V_d0           |  out|   22|   ap_memory|                                      C_V|         array|
+-----------------+-----+-----+------------+-----------------------------------------+--------------+

